{"logTime": "0826/092749", "correlationVector":"snBuXzOSi5/GnymZf6HqQP.151","action":"GetUpdates", "result":"DeleteReceived", "context":{"id":"31287756-cfb4-41e0-80cf-c5e47a17ddaf", "isDeleted:":"true", "version":"1692594420880"}}
{"logTime": "0826/092749", "correlationVector":"snBuXzOSi5/GnymZf6HqQP.152","action":"GetUpdates", "result":"DeleteReceived", "context":{"id":"5e93ec55-29a0-4f69-b905-b9aed58bb840", "isDeleted:":"true", "version":"1692594420881"}}
{"logTime": "0826/092749", "correlationVector":"snBuXzOSi5/GnymZf6HqQP.153","action":"GetUpdates", "result":"DeleteReceived", "context":{"id":"61559194-0897-42d1-95de-910b7a6d8d22", "isDeleted:":"true", "version":"1692594420882"}}
{"logTime": "0826/092749", "correlationVector":"snBuXzOSi5/GnymZf6HqQP.154","action":"GetUpdates", "result":"DeleteReceived", "context":{"id":"3426b002-7770-42f5-a969-2c6004067837", "isDeleted:":"true", "version":"1692594420883"}}
{"logTime": "0826/092749", "correlationVector":"snBuXzOSi5/GnymZf6HqQP.155","action":"GetUpdates", "result":"DeleteReceived", "context":{"id":"741c6bc5-8547-428b-858e-253d2de70ee6", "isDeleted:":"true", "version":"1692594420884"}}
{"logTime": "0826/092749", "correlationVector":"snBuXzOSi5/GnymZf6HqQP.156","action":"GetUpdates", "result":"DeleteReceived", "context":{"id":"4dc8f996-0371-406a-b718-b959bb78b295", "isDeleted:":"true", "version":"1692594420885"}}
{"logTime": "0826/092749", "correlationVector":"snBuXzOSi5/GnymZf6HqQP.157","action":"GetUpdates", "result":"DeleteReceived", "context":{"id":"142822bb-56bd-4fdc-a59f-864ca08695b9", "isDeleted:":"true", "version":"1692594420886"}}
{"logTime": "0826/092749", "correlationVector":"snBuXzOSi5/GnymZf6HqQP.158","action":"GetUpdates", "result":"DeleteReceived", "context":{"id":"daf7ff55-f74f-4db2-bd10-64ca3da05c46", "isDeleted:":"true", "version":"1692594420889"}}
{"logTime": "0826/092749", "correlationVector":"snBuXzOSi5/GnymZf6HqQP.159","action":"GetUpdates", "result":"DeleteReceived", "context":{"id":"23658bf7-1e3c-4b56-8d9f-22adecef9175", "isDeleted:":"true", "version":"1692594420890"}}
{"logTime": "0826/092749", "correlationVector":"snBuXzOSi5/GnymZf6HqQP.160","action":"GetUpdates", "result":"DeleteReceived", "context":{"id":"ca389127-2194-42a8-8f68-a62217e14ac4", "isDeleted:":"true", "version":"1692594420891"}}
{"logTime": "0826/092749", "correlationVector":"snBuXzOSi5/GnymZf6HqQP.161","action":"GetUpdates", "result":"DeleteReceived", "context":{"id":"7beedbc9-7a71-4617-9d9e-3da3ed2735f8", "isDeleted:":"true", "version":"1692594420892"}}
{"logTime": "0826/092749", "correlationVector":"snBuXzOSi5/GnymZf6HqQP.162","action":"GetUpdates", "result":"DeleteReceived", "context":{"id":"83f08415-3de7-4882-815f-a0e9e00caaa3", "isDeleted:":"true", "version":"1692594420893"}}
{"logTime": "0826/092749", "correlationVector":"snBuXzOSi5/GnymZf6HqQP.163","action":"GetUpdates", "result":"DeleteReceived", "context":{"id":"ac1ac88a-8cd3-4df6-a37d-a4ccdbd4beb4", "isDeleted:":"true", "version":"1692594422008"}}
{"logTime": "0826/092749", "correlationVector":"snBuXzOSi5/GnymZf6HqQP.164","action":"GetUpdates", "result":"DeleteReceived", "context":{"id":"6e4ba1cb-153c-40b8-a07d-1ebcbc371876", "isDeleted:":"true", "version":"1692594422010"}}
{"logTime": "0826/092749", "correlationVector":"snBuXzOSi5/GnymZf6HqQP.165","action":"GetUpdates", "result":"DeleteReceived", "context":{"id":"e993928c-b9b7-49ea-83f0-c2b23066e5f1", "isDeleted:":"true", "version":"1692594422013"}}
{"logTime": "0826/092749", "correlationVector":"snBuXzOSi5/GnymZf6HqQP.166","action":"GetUpdates", "result":"DeleteReceived", "context":{"id":"8e015dbc-7f14-4914-9282-0201c69bdc65", "isDeleted:":"true", "version":"1692594422015"}}
{"logTime": "0826/092749", "correlationVector":"snBuXzOSi5/GnymZf6HqQP.167","action":"GetUpdates", "result":"DeleteReceived", "context":{"id":"2cbce492-bf62-4f4b-802d-43c0ecc48bc7", "isDeleted:":"true", "version":"1692594422016"}}
{"logTime": "0826/092749", "correlationVector":"snBuXzOSi5/GnymZf6HqQP.168","action":"GetUpdates", "result":"DeleteReceived", "context":{"id":"2e028098-4e7e-4060-9069-7c458c4fd71a", "isDeleted:":"true", "version":"1692594422017"}}
{"logTime": "0826/092749", "correlationVector":"snBuXzOSi5/GnymZf6HqQP.169","action":"GetUpdates", "result":"DeleteReceived", "context":{"id":"95404619-7e5f-40c6-be83-409d24d688ee", "isDeleted:":"true", "version":"1692594422018"}}
{"logTime": "0826/092749", "correlationVector":"snBuXzOSi5/GnymZf6HqQP.170","action":"GetUpdates", "result":"DeleteReceived", "context":{"id":"e87f9d8a-37f1-4586-80fd-3e69f3c8f297", "isDeleted:":"true", "version":"1692594422019"}}
{"logTime": "0826/092749", "correlationVector":"snBuXzOSi5/GnymZf6HqQP.171","action":"GetUpdates", "result":"DeleteReceived", "context":{"id":"e6c5d9d5-b5eb-4307-b4a2-77e03a824bd0", "isDeleted:":"true", "version":"1692594422020"}}
{"logTime": "0826/092749", "correlationVector":"snBuXzOSi5/GnymZf6HqQP.172","action":"GetUpdates", "result":"DeleteReceived", "context":{"id":"3d6319dc-cf92-47a1-ae22-d8bdb76889f7", "isDeleted:":"true", "version":"1692594422021"}}
{"logTime": "0826/092749", "correlationVector":"snBuXzOSi5/GnymZf6HqQP.173","action":"GetUpdates", "result":"DeleteReceived", "context":{"id":"234938b1-706f-41dd-8e64-f0b151b30870", "isDeleted:":"true", "version":"1692594422022"}}
{"logTime": "0826/092750", "correlationVector":"snBuXzOSi5/GnymZf6HqQP.174","action":"GetUpdates", "result":"DeleteReceived", "context":{"id":"b4733bc0-79d3-4f44-9dd5-257b70dd550b", "isDeleted:":"true", "version":"1692594422023"}}
{"logTime": "0826/092750", "correlationVector":"snBuXzOSi5/GnymZf6HqQP.175","action":"GetUpdates", "result":"DeleteReceived", "context":{"id":"ad48b3bb-8b2c-4a4f-ae20-054deeeade13", "isDeleted:":"true", "version":"1692594422024"}}
{"logTime": "0826/092750", "correlationVector":"snBuXzOSi5/GnymZf6HqQP.176","action":"GetUpdates", "result":"DeleteReceived", "context":{"id":"330b207a-55e6-4086-9668-69c35e38f1cb", "isDeleted:":"true", "version":"1692594422025"}}
{"logTime": "0826/092750", "correlationVector":"snBuXzOSi5/GnymZf6HqQP.177","action":"GetUpdates", "result":"DeleteReceived", "context":{"id":"8b9adc23-b266-4b79-a4d5-8235169e6091", "isDeleted:":"true", "version":"1692594422026"}}
{"logTime": "0826/092750", "correlationVector":"snBuXzOSi5/GnymZf6HqQP.178","action":"GetUpdates", "result":"DeleteReceived", "context":{"id":"7d6eb541-a727-44fe-b572-d7ee70ee8676", "isDeleted:":"true", "version":"1692594422027"}}
{"logTime": "0826/092750", "correlationVector":"snBuXzOSi5/GnymZf6HqQP.179","action":"GetUpdates", "result":"DeleteReceived", "context":{"id":"2ab6b7fa-5bd2-4e0f-a400-4edfdbe2af3b", "isDeleted:":"true", "version":"1692767225086"}}
{"logTime": "0826/092750", "correlationVector":"snBuXzOSi5/GnymZf6HqQP.180","action":"GetUpdates", "result":"DeleteReceived", "context":{"id":"d6547051-b1a1-4e91-8c0c-27e737818a87", "isDeleted:":"true", "version":"1692767225088"}}
{"logTime": "0826/092750", "correlationVector":"snBuXzOSi5/GnymZf6HqQP.181","action":"GetUpdates", "result":"DeleteReceived", "context":{"id":"80783a3b-19a9-428b-8ba7-a05f3770a9a5", "isDeleted:":"true", "version":"1692767225089"}}
{"logTime": "0826/092750", "correlationVector":"snBuXzOSi5/GnymZf6HqQP.182","action":"GetUpdates", "result":"DeleteReceived", "context":{"id":"0415c4f0-e966-443a-bcd2-b8f60add3966", "isDeleted:":"true", "version":"1692767225090"}}
{"logTime": "0826/092750", "correlationVector":"snBuXzOSi5/GnymZf6HqQP.183","action":"GetUpdates", "result":"DeleteReceived", "context":{"id":"8d70c8c5-777a-4f18-821d-7a91e72a9393", "isDeleted:":"true", "version":"1692767225091"}}
{"logTime": "0826/092750", "correlationVector":"snBuXzOSi5/GnymZf6HqQP.184","action":"GetUpdates", "result":"DeleteReceived", "context":{"id":"24e6a712-5857-44f7-a2e2-0163964f3868", "isDeleted:":"true", "version":"1692767225093"}}
{"logTime": "0826/092750", "correlationVector":"snBuXzOSi5/GnymZf6HqQP.185","action":"GetUpdates", "result":"DeleteReceived", "context":{"id":"b96eb804-622c-451d-a6a5-998a6e7119f7", "isDeleted:":"true", "version":"1692767225094"}}
{"logTime": "0826/092750", "correlationVector":"snBuXzOSi5/GnymZf6HqQP.186","action":"GetUpdates", "result":"DeleteReceived", "context":{"id":"00843ba9-5ef3-4052-b7af-12213e373e80", "isDeleted:":"true", "version":"1692767225096"}}
{"logTime": "0826/092750", "correlationVector":"snBuXzOSi5/GnymZf6HqQP.187","action":"GetUpdates", "result":"DeleteReceived", "context":{"id":"90515736-f489-4460-9068-5285c66eb3d6", "isDeleted:":"true", "version":"1692767225097"}}
{"logTime": "0826/092750", "correlationVector":"snBuXzOSi5/GnymZf6HqQP.188","action":"GetUpdates", "result":"DeleteReceived", "context":{"id":"34ca12a5-5d0b-46b2-90b6-8ab782e8aa23", "isDeleted:":"true", "version":"1692767225099"}}
{"logTime": "0826/092750", "correlationVector":"snBuXzOSi5/GnymZf6HqQP.189","action":"GetUpdates", "result":"DeleteReceived", "context":{"id":"0470972e-6def-47bc-99cd-266cd5b02962", "isDeleted:":"true", "version":"1692767225100"}}
{"logTime": "0826/092750", "correlationVector":"snBuXzOSi5/GnymZf6HqQP.190","action":"GetUpdates", "result":"DeleteReceived", "context":{"id":"73badd48-b17f-41cf-a987-674212a328cc", "isDeleted:":"true", "version":"1692767226395"}}
{"logTime": "0826/092750", "correlationVector":"snBuXzOSi5/GnymZf6HqQP.191","action":"GetUpdates", "result":"DeleteReceived", "context":{"id":"49eed0fe-c634-48f4-81b2-db5f9f7b7ef8", "isDeleted:":"true", "version":"1692767226396"}}
{"logTime": "0826/092750", "correlationVector":"snBuXzOSi5/GnymZf6HqQP.192","action":"GetUpdates", "result":"DeleteReceived", "context":{"id":"096ed5e5-766b-48c4-ba31-9f3092ed9a09", "isDeleted:":"true", "version":"1692767226397"}}
{"logTime": "0826/092750", "correlationVector":"snBuXzOSi5/GnymZf6HqQP.193","action":"GetUpdates", "result":"DeleteReceived", "context":{"id":"09e5eefa-edb4-4007-bf60-003cc395f9f3", "isDeleted:":"true", "version":"1692767226398"}}
{"logTime": "0826/092750", "correlationVector":"snBuXzOSi5/GnymZf6HqQP.194","action":"GetUpdates", "result":"DeleteReceived", "context":{"id":"ffcdf573-bafc-4f3e-90ac-69747a9369b7", "isDeleted:":"true", "version":"1692767226399"}}
{"logTime": "0826/092750", "correlationVector":"snBuXzOSi5/GnymZf6HqQP.195","action":"GetUpdates", "result":"DeleteReceived", "context":{"id":"a831923a-1919-4a5b-aa28-2db9b3aab146", "isDeleted:":"true", "version":"1692767226400"}}
{"logTime": "0826/092750", "correlationVector":"snBuXzOSi5/GnymZf6HqQP.196","action":"GetUpdates", "result":"DeleteReceived", "context":{"id":"a855b4f0-8507-4e5b-af4a-a2fa099f0c30", "isDeleted:":"true", "version":"1692767226403"}}
{"logTime": "0826/092750", "correlationVector":"snBuXzOSi5/GnymZf6HqQP.197","action":"GetUpdates", "result":"DeleteReceived", "context":{"id":"43de6417-f90f-4375-8459-3144991da031", "isDeleted:":"true", "version":"1692767226404"}}
{"logTime": "0826/092750", "correlationVector":"snBuXzOSi5/GnymZf6HqQP.198","action":"GetUpdates", "result":"DeleteReceived", "context":{"id":"dd7af7f5-9239-4b26-8954-eb07406599d6", "isDeleted:":"true", "version":"1692767226406"}}
{"logTime": "0826/092750", "correlationVector":"snBuXzOSi5/GnymZf6HqQP.199","action":"GetUpdates", "result":"DeleteReceived", "context":{"id":"1547f0d3-1736-41fb-a355-df84e75a7783", "isDeleted:":"true", "version":"1692767226408"}}
{"logTime": "0826/092750", "correlationVector":"snBuXzOSi5/GnymZf6HqQP.200","action":"GetUpdates", "result":"DeleteReceived", "context":{"id":"d53a2dcc-a1e1-47b5-a253-8e484dd011bc", "isDeleted:":"true", "version":"1692767226409"}}
{"logTime": "0826/092750", "correlationVector":"snBuXzOSi5/GnymZf6HqQP.201","action":"GetUpdates", "result":"DeleteReceived", "context":{"id":"9392c57e-a772-45eb-96b3-b75e41b6df2b", "isDeleted:":"true", "version":"1692767226412"}}
{"logTime": "0826/092750", "correlationVector":"snBuXzOSi5/GnymZf6HqQP.202","action":"GetUpdates", "result":"DeleteReceived", "context":{"id":"6d8f6f49-c3c9-4988-858b-be21856ca425", "isDeleted:":"true", "version":"1692767226414"}}
{"logTime": "0826/092750", "correlationVector":"snBuXzOSi5/GnymZf6HqQP.203","action":"GetUpdates", "result":"DeleteReceived", "context":{"id":"b6b372d6-4cd4-451f-8538-5f1736b75d82", "isDeleted:":"true", "version":"1692767227385"}}
{"logTime": "0826/092750", "correlationVector":"snBuXzOSi5/GnymZf6HqQP.204","action":"GetUpdates", "result":"DeleteReceived", "context":{"id":"2fc2a81b-aaf8-478b-a018-4d717088b2ea", "isDeleted:":"true", "version":"1692798022135"}}
{"logTime": "0826/092750", "correlationVector":"snBuXzOSi5/GnymZf6HqQP.205","action":"GetUpdates", "result":"DeleteReceived", "context":{"id":"03e0756f-8fbd-4049-99bf-f80232827cb4", "isDeleted:":"true", "version":"1692853172911"}}
{"logTime": "0826/092750", "correlationVector":"snBuXzOSi5/GnymZf6HqQP.206","action":"GetUpdates", "result":"DeleteReceived", "context":{"id":"52ed7adf-e470-4cd5-a52e-49f664215888", "isDeleted:":"true", "version":"1692853172912"}}
{"logTime": "0826/092750", "correlationVector":"snBuXzOSi5/GnymZf6HqQP.207","action":"GetUpdates", "result":"DeleteReceived", "context":{"id":"f1166331-ac0f-4695-b650-579d69c1bdc7", "isDeleted:":"true", "version":"1692853172913"}}
{"logTime": "0826/092750", "correlationVector":"snBuXzOSi5/GnymZf6HqQP.208","action":"GetUpdates", "result":"DeleteReceived", "context":{"id":"b2c3fbeb-70e1-4e1f-a7c0-5c0716df3987", "isDeleted:":"true", "version":"1692853172917"}}
{"logTime": "0826/092750", "correlationVector":"snBuXzOSi5/GnymZf6HqQP.209","action":"GetUpdates", "result":"DeleteReceived", "context":{"id":"643270d8-92d6-4067-bfb3-f683ab3df169", "isDeleted:":"true", "version":"1692853172919"}}
{"logTime": "0826/092750", "correlationVector":"snBuXzOSi5/GnymZf6HqQP.210","action":"GetUpdates", "result":"DeleteReceived", "context":{"id":"c0332355-d5f9-4dd5-b84a-77d89fe8b828", "isDeleted:":"true", "version":"1692853172921"}}
{"logTime": "0826/092750", "correlationVector":"snBuXzOSi5/GnymZf6HqQP.211","action":"GetUpdates", "result":"DeleteReceived", "context":{"id":"aeeb801a-bc32-419e-b763-68896f082f3f", "isDeleted:":"true", "version":"1692853172923"}}
{"logTime": "0826/092750", "correlationVector":"snBuXzOSi5/GnymZf6HqQP.212","action":"GetUpdates", "result":"DeleteReceived", "context":{"id":"81e2ccef-46c0-4cda-a009-85cadcb3ac3f", "isDeleted:":"true", "version":"1692853172927"}}
{"logTime": "0826/092750", "correlationVector":"snBuXzOSi5/GnymZf6HqQP.213","action":"GetUpdates", "result":"DeleteReceived", "context":{"id":"b10e8690-3aa7-4276-8f4d-611bc750c957", "isDeleted:":"true", "version":"1692853172929"}}
{"logTime": "0826/092750", "correlationVector":"snBuXzOSi5/GnymZf6HqQP.214","action":"GetUpdates", "result":"DeleteReceived", "context":{"id":"1b3a48e4-338e-466c-a1eb-11152c801f9d", "isDeleted:":"true", "version":"1692853174544"}}
{"logTime": "0826/092750", "correlationVector":"snBuXzOSi5/GnymZf6HqQP.215","action":"GetUpdates", "result":"DeleteReceived", "context":{"id":"1e621e00-94b6-48d2-b55e-b1fb18551cc7", "isDeleted:":"true", "version":"1692853174546"}}
{"logTime": "0826/092750", "correlationVector":"snBuXzOSi5/GnymZf6HqQP.216","action":"GetUpdates", "result":"DeleteReceived", "context":{"id":"78acbd9c-c232-422a-b27c-66a3582bf537", "isDeleted:":"true", "version":"1692853174549"}}
{"logTime": "0826/092750", "correlationVector":"snBuXzOSi5/GnymZf6HqQP.217","action":"GetUpdates", "result":"DeleteReceived", "context":{"id":"17f65ec0-71eb-4a3e-9712-9ad7ae1a7d15", "isDeleted:":"true", "version":"1692853174550"}}
{"logTime": "0826/092750", "correlationVector":"snBuXzOSi5/GnymZf6HqQP.218","action":"GetUpdates", "result":"DeleteReceived", "context":{"id":"f770b2f0-08b7-4f59-9382-ed9fc792db75", "isDeleted:":"true", "version":"1692853174552"}}
{"logTime": "0826/092750", "correlationVector":"snBuXzOSi5/GnymZf6HqQP.219","action":"GetUpdates", "result":"DeleteReceived", "context":{"id":"c1a30e65-512d-41cf-bca9-696b2ce22c51", "isDeleted:":"true", "version":"1692860110684"}}
{"logTime": "0826/092750", "correlationVector":"snBuXzOSi5/GnymZf6HqQP.220","action":"GetUpdates", "result":"DeleteReceived", "context":{"id":"31112983-8466-45ae-aeed-5b202d57cd7c", "isDeleted:":"true", "version":"1692863201625"}}
{"logTime": "0826/092750", "correlationVector":"snBuXzOSi5/GnymZf6HqQP.221","action":"GetUpdates", "result":"DeleteReceived", "context":{"id":"dc2ba9dc-9e07-4d0c-860c-5d112fc70dcd", "isDeleted:":"true", "version":"1692863201626"}}
{"logTime": "0826/092750", "correlationVector":"snBuXzOSi5/GnymZf6HqQP.222","action":"GetUpdates", "result":"DeleteReceived", "context":{"id":"47523c7c-1a22-4081-8a5f-46553afadb80", "isDeleted:":"true", "version":"1692863201627"}}
{"logTime": "0826/092750", "correlationVector":"snBuXzOSi5/GnymZf6HqQP.223","action":"GetUpdates", "result":"DeleteReceived", "context":{"id":"54c09f71-5239-45d7-aff1-d882aeb909af", "isDeleted:":"true", "version":"1692767227386"}}
{"logTime": "0826/092750", "correlationVector":"snBuXzOSi5/GnymZf6HqQP.224","action":"GetUpdates Response", "result":"SERVER_MORE_TO_DOWNLOAD", "context":Received 250 update(s).  Some updates remain.}
{"logTime": "0826/092750", "correlationVector":"lzT8MmxdMcb8q28AFhbzY8","action":"Initial GetUpdates", "result":"", "context":Reason: RECONFIGURATION. cV=lzT8MmxdMcb8q28AFhbzY8}
{"logTime": "0826/092750", "correlationVector":"lzT8MmxdMcb8q28AFhbzY8.1","action":"SyncServerConnectionManagerRequest", "result":"SYNC_SERVER_OK", "context":{"environment":"Prod_SoutheastAsia_000j", "migrationStage":"NotStarted", "server":"GENERAL01000002"}}
{"logTime": "0826/092750", "correlationVector":"lzT8MmxdMcb8q28AFhbzY8.2","action":"GetUpdates", "result":"DeleteReceived", "context":{"id":"21cd503a-05b7-43f6-baaf-3ab267b96781", "isDeleted:":"true", "version":"1692863201629"}}
{"logTime": "0826/092750", "correlationVector":"lzT8MmxdMcb8q28AFhbzY8.3","action":"GetUpdates", "result":"DeleteReceived", "context":{"id":"17b5e022-601f-4602-b361-5d94dd99848e", "isDeleted:":"true", "version":"1692863201630"}}
{"logTime": "0826/092750", "correlationVector":"lzT8MmxdMcb8q28AFhbzY8.4","action":"GetUpdates", "result":"DeleteReceived", "context":{"id":"0f3c426b-1e2d-4eec-93e8-3fa5b33d30b5", "isDeleted:":"true", "version":"1692863201632"}}
{"logTime": "0826/092750", "correlationVector":"lzT8MmxdMcb8q28AFhbzY8.5","action":"GetUpdates", "result":"DeleteReceived", "context":{"id":"115d4c48-9969-4726-9c05-389ce30d5bf1", "isDeleted:":"true", "version":"1692863886024"}}
{"logTime": "0826/092750", "correlationVector":"lzT8MmxdMcb8q28AFhbzY8.6","action":"GetUpdates", "result":"DeleteReceived", "context":{"id":"a50c5471-2e67-401c-be27-82410ff0cf59", "isDeleted:":"true", "version":"1692863886027"}}
{"logTime": "0826/092750", "correlationVector":"lzT8MmxdMcb8q28AFhbzY8.7","action":"GetUpdates", "result":"DeleteReceived", "context":{"id":"181d775e-045f-4c97-8804-c8bd87563b20", "isDeleted:":"true", "version":"1692939347517"}}
{"logTime": "0826/092750", "correlationVector":"lzT8MmxdMcb8q28AFhbzY8.8","action":"GetUpdates", "result":"DeleteReceived", "context":{"id":"80c3bbc9-54f7-4463-975a-01aabb2883f4", "isDeleted:":"true", "version":"1692939347519"}}
{"logTime": "0826/092750", "correlationVector":"lzT8MmxdMcb8q28AFhbzY8.9","action":"GetUpdates", "result":"DeleteReceived", "context":{"id":"f47a6cfa-e7f2-465d-a249-deeb3631696e", "isDeleted:":"true", "version":"1692939347524"}}
{"logTime": "0826/092750", "correlationVector":"lzT8MmxdMcb8q28AFhbzY8.10","action":"GetUpdates", "result":"DeleteReceived", "context":{"id":"4e56efa1-ae33-49c5-91d1-0b5735d9b214", "isDeleted:":"true", "version":"1692939347526"}}
{"logTime": "0826/092750", "correlationVector":"lzT8MmxdMcb8q28AFhbzY8.11","action":"GetUpdates", "result":"DeleteReceived", "context":{"id":"3bb7e4d6-c0b4-46a1-bdc0-5c03a7281334", "isDeleted:":"true", "version":"1692939347528"}}
{"logTime": "0826/092750", "correlationVector":"lzT8MmxdMcb8q28AFhbzY8.12","action":"GetUpdates", "result":"DeleteReceived", "context":{"id":"436e0599-6014-4628-9d9f-69591b8c8dc7", "isDeleted:":"true", "version":"1692939347530"}}
{"logTime": "0826/092750", "correlationVector":"lzT8MmxdMcb8q28AFhbzY8.13","action":"GetUpdates", "result":"DeleteReceived", "context":{"id":"ddb4b280-4343-4d32-959f-7c88392441fd", "isDeleted:":"true", "version":"1692939347531"}}
{"logTime": "0826/092750", "correlationVector":"lzT8MmxdMcb8q28AFhbzY8.14","action":"GetUpdates", "result":"DeleteReceived", "context":{"id":"fe190444-7546-43d8-8f29-f344f92448fc", "isDeleted:":"true", "version":"1692939347533"}}
{"logTime": "0826/092750", "correlationVector":"lzT8MmxdMcb8q28AFhbzY8.15","action":"GetUpdates", "result":"DeleteReceived", "context":{"id":"0fa5bfa5-263d-4ef0-acaa-149f3978fdbf", "isDeleted:":"true", "version":"1692939347534"}}
{"logTime": "0826/092750", "correlationVector":"lzT8MmxdMcb8q28AFhbzY8.16","action":"GetUpdates", "result":"DeleteReceived", "context":{"id":"3f9343e4-3d36-46b1-8cd0-8706fb05d12a", "isDeleted:":"true", "version":"1692943344333"}}
{"logTime": "0826/092750", "correlationVector":"lzT8MmxdMcb8q28AFhbzY8.17","action":"GetUpdates", "result":"DeleteReceived", "context":{"id":"f6175855-d53a-4dd2-9033-98281f877e6d", "isDeleted:":"true", "version":"1692944181292"}}
{"logTime": "0826/092750", "correlationVector":"lzT8MmxdMcb8q28AFhbzY8.18","action":"GetUpdates", "result":"DeleteReceived", "context":{"id":"52f0d591-f421-4795-8ea1-91c94f8e1602", "isDeleted:":"true", "version":"1692944289559"}}
{"logTime": "0826/092750", "correlationVector":"lzT8MmxdMcb8q28AFhbzY8.19","action":"GetUpdates", "result":"DeleteReceived", "context":{"id":"048b854e-a392-47f4-b395-6195f119fd5c", "isDeleted:":"true", "version":"1692944576866"}}
{"logTime": "0826/092750", "correlationVector":"lzT8MmxdMcb8q28AFhbzY8.20","action":"GetUpdates", "result":"DeleteReceived", "context":{"id":"37792299-04a4-4fa8-b4f3-3b79c72cedcb", "isDeleted:":"true", "version":"1692944576867"}}
{"logTime": "0826/092750", "correlationVector":"lzT8MmxdMcb8q28AFhbzY8.21","action":"GetUpdates", "result":"DeleteReceived", "context":{"id":"32ab7524-b92e-4cd6-baa4-0aaa11d31537", "isDeleted:":"true", "version":"1692945845928"}}
{"logTime": "0826/092750", "correlationVector":"lzT8MmxdMcb8q28AFhbzY8.22","action":"GetUpdates", "result":"DeleteReceived", "context":{"id":"1cabedf2-92de-4049-a241-f6f0969207ed", "isDeleted:":"true", "version":"1692960402333"}}
{"logTime": "0826/092750", "correlationVector":"lzT8MmxdMcb8q28AFhbzY8.23","action":"GetUpdates", "result":"DeleteReceived", "context":{"id":"c986d6d9-3dc3-4e25-8ba7-140f5d90b9bb", "isDeleted:":"true", "version":"1692960402338"}}
{"logTime": "0826/092750", "correlationVector":"lzT8MmxdMcb8q28AFhbzY8.24","action":"GetUpdates", "result":"DeleteReceived", "context":{"id":"ee50db4f-71fa-48ef-a37b-79261ff9ea34", "isDeleted:":"true", "version":"1692960402339"}}
{"logTime": "0826/092750", "correlationVector":"lzT8MmxdMcb8q28AFhbzY8.25","action":"GetUpdates", "result":"DeleteReceived", "context":{"id":"fd7a6a15-5162-4aec-bb2e-b2ca2a9fbdcf", "isDeleted:":"true", "version":"1692960433571"}}
{"logTime": "0826/092750", "correlationVector":"lzT8MmxdMcb8q28AFhbzY8.26","action":"GetUpdates", "result":"DeleteReceived", "context":{"id":"f83fc703-2965-477b-9a43-6bcdc2632b7a", "isDeleted:":"true", "version":"1692960433573"}}
{"logTime": "0826/092750", "correlationVector":"lzT8MmxdMcb8q28AFhbzY8.27","action":"GetUpdates", "result":"DeleteReceived", "context":{"id":"99d5e68b-7d89-4835-bddd-927ed76b9aa6", "isDeleted:":"true", "version":"1692960433575"}}
{"logTime": "0826/092750", "correlationVector":"lzT8MmxdMcb8q28AFhbzY8.28","action":"GetUpdates", "result":"DeleteReceived", "context":{"id":"d795dcff-b036-4c67-ba67-a565463027da", "isDeleted:":"true", "version":"1692960433576"}}
{"logTime": "0826/092750", "correlationVector":"lzT8MmxdMcb8q28AFhbzY8.29","action":"GetUpdates", "result":"DeleteReceived", "context":{"id":"6ef82677-2ed5-4843-af23-fc63e3972203", "isDeleted:":"true", "version":"1692960433577"}}
{"logTime": "0826/092750", "correlationVector":"lzT8MmxdMcb8q28AFhbzY8.30","action":"GetUpdates", "result":"DeleteReceived", "context":{"id":"982915c9-fe9a-4029-a15f-955c9a5518af", "isDeleted:":"true", "version":"1692960433578"}}
{"logTime": "0826/092750", "correlationVector":"lzT8MmxdMcb8q28AFhbzY8.31","action":"GetUpdates", "result":"DeleteReceived", "context":{"id":"7df8dec0-3675-4fe6-aa58-c9c1a7cb5db5", "isDeleted:":"true", "version":"1692960472880"}}
{"logTime": "0826/092750", "correlationVector":"lzT8MmxdMcb8q28AFhbzY8.32","action":"GetUpdates", "result":"DeleteReceived", "context":{"id":"ae829171-8a03-4b5e-90af-09dd91933842", "isDeleted:":"true", "version":"1692960707599"}}
{"logTime": "0826/092750", "correlationVector":"lzT8MmxdMcb8q28AFhbzY8.33","action":"GetUpdates", "result":"DeleteReceived", "context":{"id":"cccc6e91-c7f6-4885-84af-49570777bb90", "isDeleted:":"true", "version":"1692962303394"}}
{"logTime": "0826/092750", "correlationVector":"lzT8MmxdMcb8q28AFhbzY8.34","action":"GetUpdates", "result":"DeleteReceived", "context":{"id":"2baccf2a-360f-4700-a731-0d632ef3a314", "isDeleted:":"true", "version":"1693032104089"}}
{"logTime": "0826/092750", "correlationVector":"lzT8MmxdMcb8q28AFhbzY8.35","action":"GetUpdates", "result":"DeleteReceived", "context":{"id":"a5f02bb1-367f-4cc8-8aad-34f2cec3915e", "isDeleted:":"true", "version":"1693032104090"}}
{"logTime": "0826/092750", "correlationVector":"lzT8MmxdMcb8q28AFhbzY8.36","action":"GetUpdates", "result":"DeleteReceived", "context":{"id":"ec32526b-c3c5-4a4d-bb62-c81547bee4d3", "isDeleted:":"true", "version":"1693032104091"}}
{"logTime": "0826/092750", "correlationVector":"lzT8MmxdMcb8q28AFhbzY8.37","action":"GetUpdates", "result":"DeleteReceived", "context":{"id":"3cf51739-e744-4afd-b4e8-a1edf257d4f4", "isDeleted:":"true", "version":"1693032104093"}}
{"logTime": "0826/092750", "correlationVector":"lzT8MmxdMcb8q28AFhbzY8.38","action":"GetUpdates", "result":"DeleteReceived", "context":{"id":"36d0a484-0b90-4634-b275-770b6e7b0957", "isDeleted:":"true", "version":"1693032104094"}}
{"logTime": "0826/092750", "correlationVector":"lzT8MmxdMcb8q28AFhbzY8.39","action":"GetUpdates", "result":"DeleteReceived", "context":{"id":"f3ee4bfc-81b8-4e4a-ae88-1fb3a73f799c", "isDeleted:":"true", "version":"1693032104095"}}
{"logTime": "0826/092750", "correlationVector":"lzT8MmxdMcb8q28AFhbzY8.40","action":"GetUpdates", "result":"DeleteReceived", "context":{"id":"f8a43f70-1bd9-4548-a4d6-ec4be351045b", "isDeleted:":"true", "version":"1693032104098"}}
{"logTime": "0826/092750", "correlationVector":"lzT8MmxdMcb8q28AFhbzY8.41","action":"GetUpdates", "result":"DeleteReceived", "context":{"id":"00626422-0962-4d07-8428-76f8b0e842a1", "isDeleted:":"true", "version":"1693032104102"}}
{"logTime": "0826/092750", "correlationVector":"lzT8MmxdMcb8q28AFhbzY8.42","action":"GetUpdates", "result":"DeleteReceived", "context":{"id":"fca7a1b6-83f1-44e1-a727-1c9f8e17c2cb", "isDeleted:":"true", "version":"1693032104104"}}
{"logTime": "0826/092750", "correlationVector":"lzT8MmxdMcb8q28AFhbzY8.43","action":"GetUpdates", "result":"DeleteReceived", "context":{"id":"444ee275-63e3-41eb-a79d-f98edf49aeec", "isDeleted:":"true", "version":"1693032104105"}}
{"logTime": "0826/092750", "correlationVector":"lzT8MmxdMcb8q28AFhbzY8.44","action":"GetUpdates", "result":"DeleteReceived", "context":{"id":"503f97f9-9660-4bec-8569-000d8eacec63", "isDeleted:":"true", "version":"1693040464239"}}
{"logTime": "0826/092750", "correlationVector":"lzT8MmxdMcb8q28AFhbzY8.45","action":"GetUpdates", "result":"DeleteReceived", "context":{"id":"aeb366af-9300-46f2-9cab-fcc9f6019d74", "isDeleted:":"true", "version":"1693040826193"}}
{"logTime": "0826/092750", "correlationVector":"lzT8MmxdMcb8q28AFhbzY8.46","action":"GetUpdates Response", "result":"SYNCER_OK", "context":Received 72 update(s). cV=lzT8MmxdMcb8q28AFhbzY8.0;server=GENERAL01000002;cloudType=Consumer;environment=Prod_SoutheastAsia_000j;migrationStage=NotStarted}
{"logTime": "0826/092750", "correlationVector":"DXQaZcBA8aAP9zB1y0/+Rl","action":"Normal GetUpdate request", "result":"", "context":cV=DXQaZcBA8aAP9zB1y0/+Rl
Nudged types: Bookmarks, Sessions, Device Info, User Consents
Refresh requested types: Bookmarks, Preferences, Passwords, Autofill Profiles, Autofill, Autofill Custom Data, Typed URLs, Extensions, Sessions, Extension settings, History Delete Directives, Device Info, User Consents, Send Tab To Self, Web Apps, Collection, Edge E Drop, Edge Hub App Usage, Encryption Keys}
{"logTime": "0826/092750", "correlationVector":"DXQaZcBA8aAP9zB1y0/+Rl.1","action":"SyncServerConnectionManagerRequest", "result":"SYNC_SERVER_OK", "context":{"environment":"Prod_SoutheastAsia_000j", "migrationStage":"NotStarted", "server":"GENERAL01000004"}}
{"logTime": "0826/092750", "correlationVector":"DXQaZcBA8aAP9zB1y0/+Rl.2","action":"GetUpdates Response", "result":"SYNCER_OK", "context":Received 0 update(s). cV=DXQaZcBA8aAP9zB1y0/+Rl.0;server=GENERAL01000004;cloudType=Consumer;environment=Prod_SoutheastAsia_000j;migrationStage=NotStarted}
{"logTime": "0826/092750", "correlationVector":"u8yX/JWDQsju1rnlDqeror","action":"Commit Request", "result":"", "context":Item count: 1
Contributing types: Device Info}
{"logTime": "0826/092750", "correlationVector":"u8yX/JWDQsju1rnlDqeror.1","action":"SyncServerConnectionManagerRequest", "result":"SYNC_SERVER_OK", "context":{"environment":"Prod_SoutheastAsia_000j", "migrationStage":"NotStarted", "server":"general01000014"}}
{"logTime": "0826/092750", "correlationVector":"u8yX/JWDQsju1rnlDqeror.2","action":"Commit Response", "result":"SYNCER_OK", "context":Result: SYNCER_OK. cV=u8yX/JWDQsju1rnlDqeror.0;server=general01000014;cloudType=Consumer;environment=Prod_SoutheastAsia_000j;migrationStage=NotStarted}
{"logTime": "0826/092750", "correlationVector":"/wdN96fV7YRDwd0UZkR/67","action":"Commit Request", "result":"", "context":Item count: 9
Contributing types: Bookmarks, Typed URLs, Sessions, User Consents}
{"logTime": "0826/092750", "correlationVector":"/wdN96fV7YRDwd0UZkR/67.1","action":"SyncServerConnectionManagerRequest", "result":"SYNC_SERVER_OK", "context":{"environment":"Prod_SoutheastAsia_000j", "migrationStage":"NotStarted", "server":"GENERAL01000003"}}
{"logTime": "0826/092750", "correlationVector":"/wdN96fV7YRDwd0UZkR/67.2","action":"Commit Response", "result":"SYNCER_OK", "context":Result: SYNCER_OK. cV=/wdN96fV7YRDwd0UZkR/67.0;server=GENERAL01000003;cloudType=Consumer;environment=Prod_SoutheastAsia_000j;migrationStage=NotStarted}
{"logTime": "0826/093119", "correlationVector":"q/b9t+ufPEMPJa3+SH86Fw.0","action":"FeedSettingFetch_homeCloud", "result":"0", "context":{}}
{"logTime": "0826/093119", "correlationVector":"WTpWqnO95NO/ubth6ehVf6.1","action":"SyncServerConnectionManagerRequest", "result":"SYNC_SERVER_OK", "context":{"environment":"Prod_SoutheastAsia_000j", "migrationStage":"NotStarted", "server":"GENERAL01000005"}}
{"logTime": "0826/093119", "correlationVector":"WTpWqnO95NO/ubth6ehVf6","action":"Initial GetUpdates", "result":"", "context":Reason: NEW_CLIENT. cV=WTpWqnO95NO/ubth6ehVf6}
{"logTime": "0826/093119", "correlationVector":"WTpWqnO95NO/ubth6ehVf6.2","action":"GetUpdates Response", "result":"SYNCER_OK", "context":Received 1 update(s). cV=WTpWqnO95NO/ubth6ehVf6.0;server=GENERAL01000005;cloudType=Consumer;environment=Prod_SoutheastAsia_000j;migrationStage=NotStarted}
{"logTime": "0826/093119", "correlationVector":"/aeZg5qP2qgMv1P10e0n+H","action":"Initial GetUpdates", "result":"", "context":Reason: NEWLY_SUPPORTED_DATATYPE. cV=/aeZg5qP2qgMv1P10e0n+H}
{"logTime": "0826/093119", "correlationVector":"/aeZg5qP2qgMv1P10e0n+H.1","action":"SyncServerConnectionManagerRequest", "result":"SYNC_SERVER_OK", "context":{"environment":"Prod_SoutheastAsia_000j", "migrationStage":"NotStarted", "server":"GENERAL0100001E"}}
{"logTime": "0826/093119", "correlationVector":"/aeZg5qP2qgMv1P10e0n+H.2","action":"GetUpdates", "result":"DeleteReceived", "context":{"id":"0452b18c-8fe5-459e-8876-21f9474d56b3", "isDeleted:":"true", "version":"1688036058180"}}
{"logTime": "0826/093119", "correlationVector":"/aeZg5qP2qgMv1P10e0n+H.3","action":"GetUpdates", "result":"DeleteReceived", "context":{"id":"49b08e72-6b53-4585-9347-cedf312a902e", "isDeleted:":"true", "version":"1688036059037"}}
{"logTime": "0826/093119", "correlationVector":"/aeZg5qP2qgMv1P10e0n+H.4","action":"GetUpdates", "result":"DeleteReceived", "context":{"id":"9c42b3ed-bb33-4f15-a042-ec3b3f370119", "isDeleted:":"true", "version":"1688036062885"}}
{"logTime": "0826/093119", "correlationVector":"/aeZg5qP2qgMv1P10e0n+H.5","action":"GetUpdates", "result":"DeleteReceived", "context":{"id":"c9c95fb5-f6b0-4fbe-9ee3-34216a74cee0", "isDeleted:":"true", "version":"1688036063415"}}
{"logTime": "0826/093119", "correlationVector":"/aeZg5qP2qgMv1P10e0n+H.6","action":"GetUpdates", "result":"DeleteReceived", "context":{"id":"8304257e-0ff1-4859-80ae-bbb2a207b4ac", "isDeleted:":"true", "version":"1688036095443"}}
{"logTime": "0826/093119", "correlationVector":"/aeZg5qP2qgMv1P10e0n+H.7","action":"GetUpdates", "result":"DeleteReceived", "context":{"id":"79960d13-0ef4-4efe-83a3-3a6dab96b131", "isDeleted:":"true", "version":"1688969405734"}}
{"logTime": "0826/093119", "correlationVector":"/aeZg5qP2qgMv1P10e0n+H.8","action":"GetUpdates", "result":"DeleteReceived", "context":{"id":"dbe41250-0f1c-4ec2-88e7-8718c2eb88fa", "isDeleted:":"true", "version":"1688969406598"}}
{"logTime": "0826/093119", "correlationVector":"/aeZg5qP2qgMv1P10e0n+H.9","action":"GetUpdates", "result":"DeleteReceived", "context":{"id":"89e564ab-1dab-4dbf-a606-ac3b00bc7a8e", "isDeleted:":"true", "version":"1688969438805"}}
{"logTime": "0826/093119", "correlationVector":"/aeZg5qP2qgMv1P10e0n+H.10","action":"GetUpdates Response", "result":"SYNCER_OK", "context":Received 140 update(s). cV=/aeZg5qP2qgMv1P10e0n+H.0;server=GENERAL0100001E;cloudType=Consumer;environment=Prod_SoutheastAsia_000j;migrationStage=NotStarted}
{"logTime": "0826/093119", "correlationVector":"C5mSaObo6M/X3gdQGZoPxG","action":"Normal GetUpdate request", "result":"", "context":cV=C5mSaObo6M/X3gdQGZoPxG
Nudged types: Sessions, User Consents
Refresh requested types: Bookmarks, Preferences, Passwords, Autofill Profiles, Autofill, Autofill Custom Data, Typed URLs, Extensions, Sessions, Extension settings, History Delete Directives, Device Info, User Consents, Send Tab To Self, Web Apps, Collection, Edge E Drop, Edge Hub App Usage, Encryption Keys}
{"logTime": "0826/093119", "correlationVector":"C5mSaObo6M/X3gdQGZoPxG.1","action":"SyncServerConnectionManagerRequest", "result":"SYNC_SERVER_OK", "context":{"environment":"Prod_SoutheastAsia_000j", "migrationStage":"NotStarted", "server":"GENERAL01000010"}}
{"logTime": "0826/093119", "correlationVector":"C5mSaObo6M/X3gdQGZoPxG.2","action":"GetUpdates Response", "result":"SYNCER_OK", "context":Received 9 update(s). cV=C5mSaObo6M/X3gdQGZoPxG.0;server=GENERAL01000010;cloudType=Consumer;environment=Prod_SoutheastAsia_000j;migrationStage=NotStarted}
{"logTime": "0826/093119", "correlationVector":"B1g4bPHttxEaR2b8oV3xrQ","action":"Commit Request", "result":"", "context":Item count: 4
Contributing types: Sessions, User Consents}
{"logTime": "0826/093119", "correlationVector":"B1g4bPHttxEaR2b8oV3xrQ.1","action":"SyncServerConnectionManagerRequest", "result":"SYNC_SERVER_OK", "context":{"environment":"Prod_SoutheastAsia_000j", "migrationStage":"NotStarted", "server":"GENERAL0100000Y"}}
{"logTime": "0826/093119", "correlationVector":"B1g4bPHttxEaR2b8oV3xrQ.2","action":"Commit Response", "result":"SYNCER_OK", "context":Result: SYNCER_OK. cV=B1g4bPHttxEaR2b8oV3xrQ.0;server=GENERAL0100000Y;cloudType=Consumer;environment=Prod_SoutheastAsia_000j;migrationStage=NotStarted}
{"logTime": "0826/093121", "correlationVector":"8dNKlQ3bqaW1L7bwhjt8ga","action":"SyncServerConnectionManagerRequest", "result":"SYNC_SERVER_OK", "context":{"environment":"", "migrationStage":"", "server":""}}
{"logTime": "0826/093121", "correlationVector":"H+NG7rfzf9HO4R+pGyDtIW","action":"Normal GetUpdate request", "result":"", "context":cV=H+NG7rfzf9HO4R+pGyDtIW
Nudged types: Bookmarks, Sessions}
{"logTime": "0826/093122", "correlationVector":"H+NG7rfzf9HO4R+pGyDtIW.1","action":"SyncServerConnectionManagerRequest", "result":"SYNC_SERVER_OK", "context":{"environment":"Prod_EastAsia_000d", "migrationStage":"NotStarted", "server":"GENERAL0100001S"}}
{"logTime": "0826/093122", "correlationVector":"H+NG7rfzf9HO4R+pGyDtIW.2","action":"GetUpdates Response", "result":"SYNCER_OK", "context":Received 3 update(s). cV=H+NG7rfzf9HO4R+pGyDtIW.0;server=GENERAL0100001S;cloudType=Consumer;environment=Prod_EastAsia_000d;migrationStage=NotStarted}
{"logTime": "0826/093122", "correlationVector":"jaeda6bod0alzr1mwPhH2P","action":"Commit Request", "result":"", "context":Item count: 3
Contributing types: Bookmarks, Sessions}
{"logTime": "0826/093122", "correlationVector":"jaeda6bod0alzr1mwPhH2P.1","action":"SyncServerConnectionManagerRequest", "result":"SYNC_SERVER_OK", "context":{"environment":"Prod_EastAsia_000d", "migrationStage":"NotStarted", "server":"GENERAL0100001Z"}}
{"logTime": "0826/093122", "correlationVector":"jaeda6bod0alzr1mwPhH2P.3","action":"Commit.Sessions", "result":"Success", "context":{"id":"684924fb-efe9-4bab-bc73-12f233c58371", "isDeleted":"true", "size":"0", "version":"1693042274033"}}
{"logTime": "0826/093122", "correlationVector":"jaeda6bod0alzr1mwPhH2P.2","action":"Commit Response", "result":"SYNCER_OK", "context":Result: SYNCER_OK. cV=jaeda6bod0alzr1mwPhH2P.0;server=GENERAL0100001Z;cloudType=Consumer;environment=Prod_EastAsia_000d;migrationStage=NotStarted}
{"logTime": "0826/093122", "correlationVector":"Lamdl7ibJ1px8/c8De4p39","action":"Normal GetUpdate request", "result":"", "context":cV=Lamdl7ibJ1px8/c8De4p39
Nudged types: Sessions
Refresh requested types: Bookmarks, Preferences, Passwords, Autofill Profiles, Autofill, Autofill Custom Data, Typed URLs, Extensions, Sessions, Extension settings, History Delete Directives, Device Info, User Consents, Send Tab To Self, Web Apps, Collection, Edge E Drop, Edge Hub App Usage, Encryption Keys}
{"logTime": "0826/093122", "correlationVector":"Lamdl7ibJ1px8/c8De4p39.1","action":"SyncServerConnectionManagerRequest", "result":"SYNC_SERVER_OK", "context":{"environment":"Prod_EastAsia_000d", "migrationStage":"NotStarted", "server":"GENERAL01000019"}}
{"logTime": "0826/093122", "correlationVector":"Lamdl7ibJ1px8/c8De4p39.2","action":"GetUpdates", "result":"DeleteReceived", "context":{"id":"684924fb-efe9-4bab-bc73-12f233c58371", "isDeleted:":"true", "version":"1693042282447"}}
{"logTime": "0826/093122", "correlationVector":"Lamdl7ibJ1px8/c8De4p39.3","action":"GetUpdates Response", "result":"SYNCER_OK", "context":Received 3 update(s). cV=Lamdl7ibJ1px8/c8De4p39.0;server=GENERAL01000019;cloudType=Consumer;environment=Prod_EastAsia_000d;migrationStage=NotStarted}
{"logTime": "0826/094027", "correlationVector":"FaInBNtCacitjBgxzBgiyG","action":"Commit Request", "result":"", "context":Item count: 1
Contributing types: Sessions}
{"logTime": "0826/094027", "correlationVector":"FaInBNtCacitjBgxzBgiyG.1","action":"SyncServerConnectionManagerRequest", "result":"SYNC_SERVER_OK", "context":{"environment":"Prod_SoutheastAsia_000j", "migrationStage":"NotStarted", "server":"GENERAL0100000H"}}
{"logTime": "0826/094027", "correlationVector":"FaInBNtCacitjBgxzBgiyG.2","action":"Commit Response", "result":"SYNCER_OK", "context":Result: SYNCER_OK. cV=FaInBNtCacitjBgxzBgiyG.0;server=GENERAL0100000H;cloudType=Consumer;environment=Prod_SoutheastAsia_000j;migrationStage=NotStarted}
{"logTime": "0826/094055", "correlationVector":"WfsgQk+q1D3MrurgLVBr6l.0","action":"FeedSettingFetch_homeCloud", "result":"0", "context":{}}
{"logTime": "0826/094055", "correlationVector":"j2cJBk4XtT8gnv09kY0GcW.1","action":"SyncServerConnectionManagerRequest", "result":"SYNC_SERVER_OK", "context":{"environment":"Prod_SoutheastAsia_000j", "migrationStage":"NotStarted", "server":"GENERAL0100000M"}}
{"logTime": "0826/094055", "correlationVector":"j2cJBk4XtT8gnv09kY0GcW","action":"Initial GetUpdates", "result":"", "context":Reason: NEW_CLIENT. cV=j2cJBk4XtT8gnv09kY0GcW}
{"logTime": "0826/094055", "correlationVector":"j2cJBk4XtT8gnv09kY0GcW.2","action":"GetUpdates Response", "result":"SYNCER_OK", "context":Received 1 update(s). cV=j2cJBk4XtT8gnv09kY0GcW.0;server=GENERAL0100000M;cloudType=Consumer;environment=Prod_SoutheastAsia_000j;migrationStage=NotStarted}
{"logTime": "0826/094055", "correlationVector":"Y5nv5jRSnV7J/+vLzELun8","action":"Initial GetUpdates", "result":"", "context":Reason: NEWLY_SUPPORTED_DATATYPE. cV=Y5nv5jRSnV7J/+vLzELun8}
{"logTime": "0826/094055", "correlationVector":"Y5nv5jRSnV7J/+vLzELun8.1","action":"SyncServerConnectionManagerRequest", "result":"SYNC_SERVER_OK", "context":{"environment":"Prod_SoutheastAsia_000j", "migrationStage":"NotStarted", "server":"GENERAL0100000Z"}}
{"logTime": "0826/094055", "correlationVector":"Y5nv5jRSnV7J/+vLzELun8.2","action":"GetUpdates", "result":"DeleteReceived", "context":{"id":"0452b18c-8fe5-459e-8876-21f9474d56b3", "isDeleted:":"true", "version":"1688036058180"}}
{"logTime": "0826/094055", "correlationVector":"Y5nv5jRSnV7J/+vLzELun8.3","action":"GetUpdates", "result":"DeleteReceived", "context":{"id":"49b08e72-6b53-4585-9347-cedf312a902e", "isDeleted:":"true", "version":"1688036059037"}}
{"logTime": "0826/094055", "correlationVector":"Y5nv5jRSnV7J/+vLzELun8.4","action":"GetUpdates", "result":"DeleteReceived", "context":{"id":"9c42b3ed-bb33-4f15-a042-ec3b3f370119", "isDeleted:":"true", "version":"1688036062885"}}
{"logTime": "0826/094055", "correlationVector":"Y5nv5jRSnV7J/+vLzELun8.5","action":"GetUpdates", "result":"DeleteReceived", "context":{"id":"c9c95fb5-f6b0-4fbe-9ee3-34216a74cee0", "isDeleted:":"true", "version":"1688036063415"}}
{"logTime": "0826/094055", "correlationVector":"Y5nv5jRSnV7J/+vLzELun8.6","action":"GetUpdates", "result":"DeleteReceived", "context":{"id":"8304257e-0ff1-4859-80ae-bbb2a207b4ac", "isDeleted:":"true", "version":"1688036095443"}}
{"logTime": "0826/094055", "correlationVector":"Y5nv5jRSnV7J/+vLzELun8.7","action":"GetUpdates", "result":"DeleteReceived", "context":{"id":"79960d13-0ef4-4efe-83a3-3a6dab96b131", "isDeleted:":"true", "version":"1688969405734"}}
{"logTime": "0826/094055", "correlationVector":"Y5nv5jRSnV7J/+vLzELun8.8","action":"GetUpdates", "result":"DeleteReceived", "context":{"id":"dbe41250-0f1c-4ec2-88e7-8718c2eb88fa", "isDeleted:":"true", "version":"1688969406598"}}
{"logTime": "0826/094055", "correlationVector":"Y5nv5jRSnV7J/+vLzELun8.9","action":"GetUpdates", "result":"DeleteReceived", "context":{"id":"89e564ab-1dab-4dbf-a606-ac3b00bc7a8e", "isDeleted:":"true", "version":"1688969438805"}}
{"logTime": "0826/094055", "correlationVector":"Y5nv5jRSnV7J/+vLzELun8.10","action":"GetUpdates Response", "result":"SYNCER_OK", "context":Received 140 update(s). cV=Y5nv5jRSnV7J/+vLzELun8.0;server=GENERAL0100000Z;cloudType=Consumer;environment=Prod_SoutheastAsia_000j;migrationStage=NotStarted}
{"logTime": "0826/094055", "correlationVector":"Q6G9akCVFuOqp/EgTH/YTz","action":"Normal GetUpdate request", "result":"", "context":cV=Q6G9akCVFuOqp/EgTH/YTz
Nudged types: Sessions, User Consents
Refresh requested types: Bookmarks, Preferences, Passwords, Autofill Profiles, Autofill, Autofill Custom Data, Typed URLs, Extensions, Sessions, Extension settings, History Delete Directives, Device Info, User Consents, Send Tab To Self, Web Apps, Collection, Edge E Drop, Edge Hub App Usage, Encryption Keys}
{"logTime": "0826/094055", "correlationVector":"Q6G9akCVFuOqp/EgTH/YTz.1","action":"SyncServerConnectionManagerRequest", "result":"SYNC_SERVER_OK", "context":{"environment":"Prod_SoutheastAsia_000j", "migrationStage":"NotStarted", "server":"GENERAL01000009"}}
{"logTime": "0826/094055", "correlationVector":"Q6G9akCVFuOqp/EgTH/YTz.2","action":"GetUpdates", "result":"DeleteReceived", "context":{"id":"4be626f7-1fdc-47ab-abfa-e5dcc3fd1307", "isDeleted:":"true", "version":"1693042415513"}}
{"logTime": "0826/094055", "correlationVector":"Q6G9akCVFuOqp/EgTH/YTz.3","action":"GetUpdates Response", "result":"SYNCER_OK", "context":Received 5 update(s). cV=Q6G9akCVFuOqp/EgTH/YTz.0;server=GENERAL01000009;cloudType=Consumer;environment=Prod_SoutheastAsia_000j;migrationStage=NotStarted}
{"logTime": "0826/094055", "correlationVector":"UkzHDAugcakuwC6iX1J+R/","action":"Commit Request", "result":"", "context":Item count: 4
Contributing types: Sessions, User Consents}
{"logTime": "0826/094055", "correlationVector":"UkzHDAugcakuwC6iX1J+R/.1","action":"SyncServerConnectionManagerRequest", "result":"SYNC_SERVER_OK", "context":{"environment":"Prod_SoutheastAsia_000j", "migrationStage":"NotStarted", "server":"GENERAL01000010"}}
{"logTime": "0826/094055", "correlationVector":"UkzHDAugcakuwC6iX1J+R/.2","action":"Commit Response", "result":"SYNCER_OK", "context":Result: SYNCER_OK. cV=UkzHDAugcakuwC6iX1J+R/.0;server=GENERAL01000010;cloudType=Consumer;environment=Prod_SoutheastAsia_000j;migrationStage=NotStarted}
{"logTime": "0826/094055", "correlationVector":"UkzHDAugcakuwC6iX1J+R/.3","action":"Commit.Sessions", "result":"Success", "context":{"id":"d82d9c00-9c3d-47d8-a70b-e24893ca9253", "isDeleted":"true", "size":"0", "version":"1693042827514"}}
{"logTime": "0826/094058", "correlationVector":"wby51JbjjDZsnz/hqptgfc","action":"SyncServerConnectionManagerRequest", "result":"SYNC_SERVER_OK", "context":{"environment":"", "migrationStage":"", "server":""}}
{"logTime": "0826/094058", "correlationVector":"FHCNo8k2yYNuf+7asJ8ma3","action":"Normal GetUpdate request", "result":"", "context":cV=FHCNo8k2yYNuf+7asJ8ma3
Nudged types: Bookmarks, Sessions}
{"logTime": "0826/094058", "correlationVector":"FHCNo8k2yYNuf+7asJ8ma3.1","action":"SyncServerConnectionManagerRequest", "result":"SYNC_SERVER_OK", "context":{"environment":"Prod_SoutheastAsia_000j", "migrationStage":"NotStarted", "server":"GENERAL0100001H"}}
{"logTime": "0826/094058", "correlationVector":"FHCNo8k2yYNuf+7asJ8ma3.2","action":"GetUpdates", "result":"DeleteReceived", "context":{"id":"d82d9c00-9c3d-47d8-a70b-e24893ca9253", "isDeleted:":"true", "version":"1693042850759"}}
{"logTime": "0826/094058", "correlationVector":"FHCNo8k2yYNuf+7asJ8ma3.3","action":"GetUpdates Response", "result":"SYNCER_OK", "context":Received 3 update(s). cV=FHCNo8k2yYNuf+7asJ8ma3.0;server=GENERAL0100001H;cloudType=Consumer;environment=Prod_SoutheastAsia_000j;migrationStage=NotStarted}
{"logTime": "0826/094058", "correlationVector":"c0D4qng6P5HgFumSlbz2NN","action":"Commit Request", "result":"", "context":Item count: 2
Contributing types: Bookmarks, Sessions}
{"logTime": "0826/094058", "correlationVector":"c0D4qng6P5HgFumSlbz2NN.1","action":"SyncServerConnectionManagerRequest", "result":"SYNC_SERVER_OK", "context":{"environment":"Prod_SoutheastAsia_000j", "migrationStage":"NotStarted", "server":"GENERAL0100001C"}}
{"logTime": "0826/094058", "correlationVector":"c0D4qng6P5HgFumSlbz2NN.2","action":"Commit Response", "result":"SYNCER_OK", "context":Result: SYNCER_OK. cV=c0D4qng6P5HgFumSlbz2NN.0;server=GENERAL0100001C;cloudType=Consumer;environment=Prod_SoutheastAsia_000j;migrationStage=NotStarted}
{"logTime": "0826/094058", "correlationVector":"vvRlr4TgERCBb37Y1m18kn","action":"Normal GetUpdate request", "result":"", "context":cV=vvRlr4TgERCBb37Y1m18kn
Nudged types: Sessions
Refresh requested types: Bookmarks, Preferences, Passwords, Autofill Profiles, Autofill, Autofill Custom Data, Typed URLs, Extensions, Sessions, Extension settings, History Delete Directives, Device Info, User Consents, Send Tab To Self, Web Apps, Collection, Edge E Drop, Edge Hub App Usage, Encryption Keys}
{"logTime": "0826/094058", "correlationVector":"vvRlr4TgERCBb37Y1m18kn.1","action":"SyncServerConnectionManagerRequest", "result":"SYNC_SERVER_OK", "context":{"environment":"Prod_SoutheastAsia_000j", "migrationStage":"NotStarted", "server":"GENERAL0100001K"}}
{"logTime": "0826/094058", "correlationVector":"vvRlr4TgERCBb37Y1m18kn.2","action":"GetUpdates Response", "result":"SYNCER_OK", "context":Received 2 update(s). cV=vvRlr4TgERCBb37Y1m18kn.0;server=GENERAL0100001K;cloudType=Consumer;environment=Prod_SoutheastAsia_000j;migrationStage=NotStarted}
{"logTime": "0826/094347", "correlationVector":"3aP5CTYALPZ2UyQ0qZmI25","action":"Commit Request", "result":"", "context":Item count: 1
Contributing types: Sessions}
{"logTime": "0826/094347", "correlationVector":"3aP5CTYALPZ2UyQ0qZmI25.1","action":"SyncServerConnectionManagerRequest", "result":"SYNC_SERVER_OK", "context":{"environment":"Prod_SoutheastAsia_000j", "migrationStage":"NotStarted", "server":"GENERAL0100001K"}}
{"logTime": "0826/094347", "correlationVector":"3aP5CTYALPZ2UyQ0qZmI25.2","action":"Commit Response", "result":"SYNCER_OK", "context":Result: SYNCER_OK. cV=3aP5CTYALPZ2UyQ0qZmI25.0;server=GENERAL0100001K;cloudType=Consumer;environment=Prod_SoutheastAsia_000j;migrationStage=NotStarted}
{"logTime": "0826/094536", "correlationVector":"HhV2Fx3xd72poBVPN08MJK","action":"Commit Request", "result":"", "context":Item count: 1
Contributing types: Sessions}
{"logTime": "0826/094536", "correlationVector":"HhV2Fx3xd72poBVPN08MJK.1","action":"SyncServerConnectionManagerRequest", "result":"SYNC_SERVER_OK", "context":{"environment":"Prod_SoutheastAsia_000j", "migrationStage":"NotStarted", "server":"GENERAL0100000Y"}}
{"logTime": "0826/094536", "correlationVector":"HhV2Fx3xd72poBVPN08MJK.2","action":"Commit Response", "result":"SYNCER_OK", "context":Result: SYNCER_OK. cV=HhV2Fx3xd72poBVPN08MJK.0;server=GENERAL0100000Y;cloudType=Consumer;environment=Prod_SoutheastAsia_000j;migrationStage=NotStarted}
{"logTime": "0826/094845", "correlationVector":"aPxyC2jj/sRBxISnQ2duRH","action":"Commit Request", "result":"", "context":Item count: 1
Contributing types: Sessions}
{"logTime": "0826/094845", "correlationVector":"aPxyC2jj/sRBxISnQ2duRH.1","action":"SyncServerConnectionManagerRequest", "result":"SYNC_SERVER_OK", "context":{"environment":"Prod_SoutheastAsia_000j", "migrationStage":"NotStarted", "server":"GENERAL0100000H"}}
{"logTime": "0826/094845", "correlationVector":"aPxyC2jj/sRBxISnQ2duRH.2","action":"Commit Response", "result":"SYNCER_OK", "context":Result: SYNCER_OK. cV=aPxyC2jj/sRBxISnQ2duRH.0;server=GENERAL0100000H;cloudType=Consumer;environment=Prod_SoutheastAsia_000j;migrationStage=NotStarted}
{"logTime": "0826/095301", "correlationVector":"PLuRKGuh4cmYM0Bp/buF0E","action":"Commit Request", "result":"", "context":Item count: 1
Contributing types: Sessions}
{"logTime": "0826/095301", "correlationVector":"PLuRKGuh4cmYM0Bp/buF0E.1","action":"SyncServerConnectionManagerRequest", "result":"SYNC_SERVER_OK", "context":{"environment":"Prod_SoutheastAsia_000j", "migrationStage":"NotStarted", "server":"GENERAL0100000O"}}
{"logTime": "0826/095301", "correlationVector":"PLuRKGuh4cmYM0Bp/buF0E.2","action":"Commit Response", "result":"SYNCER_OK", "context":Result: SYNCER_OK. cV=PLuRKGuh4cmYM0Bp/buF0E.0;server=GENERAL0100000O;cloudType=Consumer;environment=Prod_SoutheastAsia_000j;migrationStage=NotStarted}
{"logTime": "0826/100643", "correlationVector":"lnyI+c03HfrAJ5jcv0C8Am","action":"Commit Request", "result":"", "context":Item count: 1
Contributing types: Sessions}
{"logTime": "0826/100643", "correlationVector":"lnyI+c03HfrAJ5jcv0C8Am.1","action":"SyncServerConnectionManagerRequest", "result":"SYNC_SERVER_OK", "context":{"environment":"Prod_SoutheastAsia_000j", "migrationStage":"NotStarted", "server":"GENERAL0100000I"}}
{"logTime": "0826/100643", "correlationVector":"lnyI+c03HfrAJ5jcv0C8Am.2","action":"Commit Response", "result":"SYNCER_OK", "context":Result: SYNCER_OK. cV=lnyI+c03HfrAJ5jcv0C8Am.0;server=GENERAL0100000I;cloudType=Consumer;environment=Prod_SoutheastAsia_000j;migrationStage=NotStarted}
{"logTime": "0826/100804", "correlationVector":"u2TItmlulY8Rw3fj0CeIZt","action":"Commit Request", "result":"", "context":Item count: 1
Contributing types: Sessions}
{"logTime": "0826/100804", "correlationVector":"u2TItmlulY8Rw3fj0CeIZt.1","action":"SyncServerConnectionManagerRequest", "result":"SYNC_SERVER_OK", "context":{"environment":"Prod_SoutheastAsia_000j", "migrationStage":"NotStarted", "server":"GENERAL0100000U"}}
{"logTime": "0826/100804", "correlationVector":"u2TItmlulY8Rw3fj0CeIZt.2","action":"Commit Response", "result":"SYNCER_OK", "context":Result: SYNCER_OK. cV=u2TItmlulY8Rw3fj0CeIZt.0;server=GENERAL0100000U;cloudType=Consumer;environment=Prod_SoutheastAsia_000j;migrationStage=NotStarted}
{"logTime": "0826/100838", "correlationVector":"XjL67c4bY+DTEf8zRu27q6","action":"Commit Request", "result":"", "context":Item count: 1
Contributing types: Sessions}
{"logTime": "0826/100838", "correlationVector":"XjL67c4bY+DTEf8zRu27q6.1","action":"SyncServerConnectionManagerRequest", "result":"SYNC_SERVER_OK", "context":{"environment":"Prod_SoutheastAsia_000j", "migrationStage":"NotStarted", "server":"GENERAL01000005"}}
{"logTime": "0826/100839", "correlationVector":"XjL67c4bY+DTEf8zRu27q6.2","action":"Commit Response", "result":"SYNCER_OK", "context":Result: SYNCER_OK. cV=XjL67c4bY+DTEf8zRu27q6.0;server=GENERAL01000005;cloudType=Consumer;environment=Prod_SoutheastAsia_000j;migrationStage=NotStarted}
{"logTime": "0826/100915", "correlationVector":"579IdWLmejJA2XP5JIaLRF","action":"Commit Request", "result":"", "context":Item count: 1
Contributing types: Sessions}
{"logTime": "0826/100915", "correlationVector":"579IdWLmejJA2XP5JIaLRF.1","action":"SyncServerConnectionManagerRequest", "result":"SYNC_SERVER_OK", "context":{"environment":"Prod_SoutheastAsia_000j", "migrationStage":"NotStarted", "server":"general01000014"}}
{"logTime": "0826/100915", "correlationVector":"579IdWLmejJA2XP5JIaLRF.2","action":"Commit Response", "result":"SYNCER_OK", "context":Result: SYNCER_OK. cV=579IdWLmejJA2XP5JIaLRF.0;server=general01000014;cloudType=Consumer;environment=Prod_SoutheastAsia_000j;migrationStage=NotStarted}
{"logTime": "0826/101710", "correlationVector":"iawKVx+bxcfrRgZfWqT/i1","action":"Commit Request", "result":"", "context":Item count: 1
Contributing types: Sessions}
{"logTime": "0826/101710", "correlationVector":"iawKVx+bxcfrRgZfWqT/i1.1","action":"SyncServerConnectionManagerRequest", "result":"SYNC_SERVER_OK", "context":{"environment":"Prod_SoutheastAsia_000j", "migrationStage":"NotStarted", "server":"GENERAL0100000T"}}
{"logTime": "0826/101710", "correlationVector":"iawKVx+bxcfrRgZfWqT/i1.2","action":"Commit Response", "result":"SYNCER_OK", "context":Result: SYNCER_OK. cV=iawKVx+bxcfrRgZfWqT/i1.0;server=GENERAL0100000T;cloudType=Consumer;environment=Prod_SoutheastAsia_000j;migrationStage=NotStarted}
{"logTime": "0826/101757", "correlationVector":"NaCAUJeIbDSWuzM3GESfkQ","action":"Commit Request", "result":"", "context":Item count: 1
Contributing types: Sessions}
{"logTime": "0826/101757", "correlationVector":"NaCAUJeIbDSWuzM3GESfkQ.1","action":"SyncServerConnectionManagerRequest", "result":"SYNC_SERVER_OK", "context":{"environment":"Prod_SoutheastAsia_000j", "migrationStage":"NotStarted", "server":"GENERAL0100001I"}}
{"logTime": "0826/101757", "correlationVector":"NaCAUJeIbDSWuzM3GESfkQ.2","action":"Commit Response", "result":"SYNCER_OK", "context":Result: SYNCER_OK. cV=NaCAUJeIbDSWuzM3GESfkQ.0;server=GENERAL0100001I;cloudType=Consumer;environment=Prod_SoutheastAsia_000j;migrationStage=NotStarted}
{"logTime": "0826/102617", "correlationVector":"KH3Rewq/Njvrev5KvNu7yW","action":"Commit Request", "result":"", "context":Item count: 1
Contributing types: Sessions}
{"logTime": "0826/102617", "correlationVector":"KH3Rewq/Njvrev5KvNu7yW.1","action":"SyncServerConnectionManagerRequest", "result":"SYNC_SERVER_OK", "context":{"environment":"Prod_SoutheastAsia_000j", "migrationStage":"NotStarted", "server":"GENERAL0100000Q"}}
{"logTime": "0826/102617", "correlationVector":"KH3Rewq/Njvrev5KvNu7yW.2","action":"Commit Response", "result":"SYNCER_OK", "context":Result: SYNCER_OK. cV=KH3Rewq/Njvrev5KvNu7yW.0;server=GENERAL0100000Q;cloudType=Consumer;environment=Prod_SoutheastAsia_000j;migrationStage=NotStarted}
{"logTime": "0826/102745", "correlationVector":"DUoItrOdjlggYm2mRj4f+d","action":"Commit Request", "result":"", "context":Item count: 1
Contributing types: Sessions}
{"logTime": "0826/102745", "correlationVector":"DUoItrOdjlggYm2mRj4f+d.1","action":"SyncServerConnectionManagerRequest", "result":"SYNC_SERVER_OK", "context":{"environment":"Prod_SoutheastAsia_000j", "migrationStage":"NotStarted", "server":"general01000011"}}
{"logTime": "0826/102745", "correlationVector":"DUoItrOdjlggYm2mRj4f+d.2","action":"Commit Response", "result":"SYNCER_OK", "context":Result: SYNCER_OK. cV=DUoItrOdjlggYm2mRj4f+d.0;server=general01000011;cloudType=Consumer;environment=Prod_SoutheastAsia_000j;migrationStage=NotStarted}
{"logTime": "0826/103715", "correlationVector":"UEmZmmU7KZNGMtIu8ZuYD8","action":"Commit Request", "result":"", "context":Item count: 1
Contributing types: Sessions}
{"logTime": "0826/103715", "correlationVector":"UEmZmmU7KZNGMtIu8ZuYD8.1","action":"SyncServerConnectionManagerRequest", "result":"SYNC_SERVER_OK", "context":{"environment":"Prod_SoutheastAsia_000j", "migrationStage":"NotStarted", "server":"GENERAL01000013"}}
{"logTime": "0826/103715", "correlationVector":"UEmZmmU7KZNGMtIu8ZuYD8.2","action":"Commit Response", "result":"SYNCER_OK", "context":Result: SYNCER_OK. cV=UEmZmmU7KZNGMtIu8ZuYD8.0;server=GENERAL01000013;cloudType=Consumer;environment=Prod_SoutheastAsia_000j;migrationStage=NotStarted}
{"logTime": "0826/104925", "correlationVector":"S3wqKnOpgXerG1kux75Qpv","action":"Commit Request", "result":"", "context":Item count: 1
Contributing types: Sessions}
{"logTime": "0826/104925", "correlationVector":"S3wqKnOpgXerG1kux75Qpv.1","action":"SyncServerConnectionManagerRequest", "result":"SYNC_SERVER_OK", "context":{"environment":"Prod_SoutheastAsia_000j", "migrationStage":"NotStarted", "server":"GENERAL0100000W"}}
{"logTime": "0826/104925", "correlationVector":"S3wqKnOpgXerG1kux75Qpv.2","action":"Commit Response", "result":"SYNCER_OK", "context":Result: SYNCER_OK. cV=S3wqKnOpgXerG1kux75Qpv.0;server=GENERAL0100000W;cloudType=Consumer;environment=Prod_SoutheastAsia_000j;migrationStage=NotStarted}
{"logTime": "0826/105027", "correlationVector":"XsyqC+I9qHnzlWq3dSE1aP","action":"Commit Request", "result":"", "context":Item count: 1
Contributing types: Sessions}
{"logTime": "0826/105027", "correlationVector":"XsyqC+I9qHnzlWq3dSE1aP.1","action":"SyncServerConnectionManagerRequest", "result":"SYNC_SERVER_OK", "context":{"environment":"Prod_SoutheastAsia_000j", "migrationStage":"NotStarted", "server":"GENERAL0100001C"}}
{"logTime": "0826/105027", "correlationVector":"XsyqC+I9qHnzlWq3dSE1aP.2","action":"Commit Response", "result":"SYNCER_OK", "context":Result: SYNCER_OK. cV=XsyqC+I9qHnzlWq3dSE1aP.0;server=GENERAL0100001C;cloudType=Consumer;environment=Prod_SoutheastAsia_000j;migrationStage=NotStarted}
{"logTime": "0826/105129", "correlationVector":"2h4gnZnYGde6YDNZo8pVtR","action":"Commit Request", "result":"", "context":Item count: 1
Contributing types: Sessions}
{"logTime": "0826/105130", "correlationVector":"2h4gnZnYGde6YDNZo8pVtR.1","action":"SyncServerConnectionManagerRequest", "result":"SYNC_SERVER_OK", "context":{"environment":"Prod_SoutheastAsia_000j", "migrationStage":"NotStarted", "server":"GENERAL0100001D"}}
{"logTime": "0826/105130", "correlationVector":"2h4gnZnYGde6YDNZo8pVtR.2","action":"Commit Response", "result":"SYNCER_OK", "context":Result: SYNCER_OK. cV=2h4gnZnYGde6YDNZo8pVtR.0;server=GENERAL0100001D;cloudType=Consumer;environment=Prod_SoutheastAsia_000j;migrationStage=NotStarted}
{"logTime": "0826/105244", "correlationVector":"XtYiDuJEXfp7/PFNRLEWKv","action":"Commit Request", "result":"", "context":Item count: 1
Contributing types: Sessions}
{"logTime": "0826/105244", "correlationVector":"XtYiDuJEXfp7/PFNRLEWKv.1","action":"SyncServerConnectionManagerRequest", "result":"SYNC_SERVER_OK", "context":{"environment":"Prod_SoutheastAsia_000j", "migrationStage":"NotStarted", "server":"GENERAL0100000R"}}
{"logTime": "0826/105244", "correlationVector":"XtYiDuJEXfp7/PFNRLEWKv.2","action":"Commit Response", "result":"SYNCER_OK", "context":Result: SYNCER_OK. cV=XtYiDuJEXfp7/PFNRLEWKv.0;server=GENERAL0100000R;cloudType=Consumer;environment=Prod_SoutheastAsia_000j;migrationStage=NotStarted}
{"logTime": "0826/105516", "correlationVector":"P1tv8KuGU5NMGnHU3tp5aA","action":"Commit Request", "result":"", "context":Item count: 1
Contributing types: Sessions}
{"logTime": "0826/105516", "correlationVector":"P1tv8KuGU5NMGnHU3tp5aA.1","action":"SyncServerConnectionManagerRequest", "result":"SYNC_SERVER_OK", "context":{"environment":"Prod_SoutheastAsia_000j", "migrationStage":"NotStarted", "server":"GENERAL01000005"}}
{"logTime": "0826/105516", "correlationVector":"P1tv8KuGU5NMGnHU3tp5aA.2","action":"Commit Response", "result":"SYNCER_OK", "context":Result: SYNCER_OK. cV=P1tv8KuGU5NMGnHU3tp5aA.0;server=GENERAL01000005;cloudType=Consumer;environment=Prod_SoutheastAsia_000j;migrationStage=NotStarted}
{"logTime": "0826/110815", "correlationVector":"5gGbDlXH/CsqxZSBPXuUyn","action":"Commit Request", "result":"", "context":Item count: 1
Contributing types: Sessions}
{"logTime": "0826/110815", "correlationVector":"5gGbDlXH/CsqxZSBPXuUyn.1","action":"SyncServerConnectionManagerRequest", "result":"SYNC_SERVER_OK", "context":{"environment":"Prod_SoutheastAsia_000j", "migrationStage":"NotStarted", "server":"GENERAL01000001"}}
{"logTime": "0826/110815", "correlationVector":"5gGbDlXH/CsqxZSBPXuUyn.2","action":"Commit Response", "result":"SYNCER_OK", "context":Result: SYNCER_OK. cV=5gGbDlXH/CsqxZSBPXuUyn.0;server=GENERAL01000001;cloudType=Consumer;environment=Prod_SoutheastAsia_000j;migrationStage=NotStarted}
{"logTime": "0826/110849", "correlationVector":"bwt7Lp00XgoiTL35JqE2oP","action":"Commit Request", "result":"", "context":Item count: 1
Contributing types: Sessions}
{"logTime": "0826/110849", "correlationVector":"bwt7Lp00XgoiTL35JqE2oP.1","action":"SyncServerConnectionManagerRequest", "result":"SYNC_SERVER_OK", "context":{"environment":"Prod_SoutheastAsia_000j", "migrationStage":"NotStarted", "server":"GENERAL0100000Y"}}
{"logTime": "0826/110849", "correlationVector":"bwt7Lp00XgoiTL35JqE2oP.2","action":"Commit Response", "result":"SYNCER_OK", "context":Result: SYNCER_OK. cV=bwt7Lp00XgoiTL35JqE2oP.0;server=GENERAL0100000Y;cloudType=Consumer;environment=Prod_SoutheastAsia_000j;migrationStage=NotStarted}
{"logTime": "0826/111015", "correlationVector":"yXakTgu+QC7Es7gT8PDZL2","action":"Commit Request", "result":"", "context":Item count: 1
Contributing types: Sessions}
{"logTime": "0826/111015", "correlationVector":"yXakTgu+QC7Es7gT8PDZL2.1","action":"SyncServerConnectionManagerRequest", "result":"SYNC_SERVER_OK", "context":{"environment":"Prod_SoutheastAsia_000j", "migrationStage":"NotStarted", "server":"GENERAL0100001A"}}
{"logTime": "0826/111015", "correlationVector":"yXakTgu+QC7Es7gT8PDZL2.2","action":"Commit Response", "result":"SYNCER_OK", "context":Result: SYNCER_OK. cV=yXakTgu+QC7Es7gT8PDZL2.0;server=GENERAL0100001A;cloudType=Consumer;environment=Prod_SoutheastAsia_000j;migrationStage=NotStarted}
{"logTime": "0826/111649", "correlationVector":"QsLGF/8ykEdqCD9Wq/4NED","action":"Commit Request", "result":"", "context":Item count: 1
Contributing types: Sessions}
{"logTime": "0826/111649", "correlationVector":"QsLGF/8ykEdqCD9Wq/4NED.1","action":"SyncServerConnectionManagerRequest", "result":"SYNC_SERVER_OK", "context":{"environment":"Prod_SoutheastAsia_000j", "migrationStage":"NotStarted", "server":"GENERAL0100000B"}}
{"logTime": "0826/111649", "correlationVector":"QsLGF/8ykEdqCD9Wq/4NED.2","action":"Commit Response", "result":"SYNCER_OK", "context":Result: SYNCER_OK. cV=QsLGF/8ykEdqCD9Wq/4NED.0;server=GENERAL0100000B;cloudType=Consumer;environment=Prod_SoutheastAsia_000j;migrationStage=NotStarted}
{"logTime": "0826/111810", "correlationVector":"V5UOLCuJXY42Renepf/e87","action":"Commit Request", "result":"", "context":Item count: 1
Contributing types: Sessions}
{"logTime": "0826/111810", "correlationVector":"V5UOLCuJXY42Renepf/e87.1","action":"SyncServerConnectionManagerRequest", "result":"SYNC_SERVER_OK", "context":{"environment":"Prod_SoutheastAsia_000j", "migrationStage":"NotStarted", "server":"GENERAL0100001A"}}
{"logTime": "0826/111810", "correlationVector":"V5UOLCuJXY42Renepf/e87.2","action":"Commit Response", "result":"SYNCER_OK", "context":Result: SYNCER_OK. cV=V5UOLCuJXY42Renepf/e87.0;server=GENERAL0100001A;cloudType=Consumer;environment=Prod_SoutheastAsia_000j;migrationStage=NotStarted}
{"logTime": "0826/111850", "correlationVector":"NP9SX/vkJFky8OvWXGubxV","action":"Commit Request", "result":"", "context":Item count: 1
Contributing types: Sessions}
{"logTime": "0826/111851", "correlationVector":"NP9SX/vkJFky8OvWXGubxV.1","action":"SyncServerConnectionManagerRequest", "result":"SYNC_SERVER_OK", "context":{"environment":"Prod_SoutheastAsia_000j", "migrationStage":"NotStarted", "server":"GENERAL0100000Q"}}
{"logTime": "0826/111851", "correlationVector":"NP9SX/vkJFky8OvWXGubxV.2","action":"Commit Response", "result":"SYNCER_OK", "context":Result: SYNCER_OK. cV=NP9SX/vkJFky8OvWXGubxV.0;server=GENERAL0100000Q;cloudType=Consumer;environment=Prod_SoutheastAsia_000j;migrationStage=NotStarted}
{"logTime": "0826/112107", "correlationVector":"nIrACyQdsvDDwG/0x8Lrs0","action":"Normal GetUpdate request", "result":"", "context":cV=nIrACyQdsvDDwG/0x8Lrs0
Notified types: Extensions}
{"logTime": "0826/112107", "correlationVector":"nIrACyQdsvDDwG/0x8Lrs0.1","action":"SyncServerConnectionManagerRequest", "result":"SYNC_SERVER_OK", "context":{"environment":"Prod_SoutheastAsia_000j", "migrationStage":"NotStarted", "server":"GENERAL01000008"}}
{"logTime": "0826/112107", "correlationVector":"nIrACyQdsvDDwG/0x8Lrs0.2","action":"GetUpdates Response", "result":"SYNCER_OK", "context":Received 7 update(s). cV=nIrACyQdsvDDwG/0x8Lrs0.0;server=GENERAL01000008;cloudType=Consumer;environment=Prod_SoutheastAsia_000j;migrationStage=NotStarted}
{"logTime": "0901/100649", "correlationVector":"cyiWC9T/MN13vC/tz1GLSr.0","action":"FeedSettingFetch_homeCloud", "result":"0", "context":{}}
{"logTime": "0901/100649", "correlationVector":"FpwjMKvSOTZY80162JCEBq.1","action":"SyncServerConnectionManagerRequest", "result":"SYNC_SERVER_OK", "context":{"environment":"Prod_SoutheastAsia_000j", "migrationStage":"NotStarted", "server":"GENERAL01000012"}}
{"logTime": "0901/100649", "correlationVector":"FpwjMKvSOTZY80162JCEBq","action":"Initial GetUpdates", "result":"", "context":Reason: NEW_CLIENT. cV=FpwjMKvSOTZY80162JCEBq}
{"logTime": "0901/100649", "correlationVector":"FpwjMKvSOTZY80162JCEBq.2","action":"GetUpdates Response", "result":"SYNCER_OK", "context":Received 1 update(s). cV=FpwjMKvSOTZY80162JCEBq.0;server=GENERAL01000012;cloudType=Consumer;environment=Prod_SoutheastAsia_000j;migrationStage=NotStarted}
{"logTime": "0901/100649", "correlationVector":"MTc1qw3KEXgmInmnFniag7","action":"Initial GetUpdates", "result":"", "context":Reason: NEWLY_SUPPORTED_DATATYPE. cV=MTc1qw3KEXgmInmnFniag7}
{"logTime": "0901/100649", "correlationVector":"MTc1qw3KEXgmInmnFniag7.1","action":"SyncServerConnectionManagerRequest", "result":"SYNC_SERVER_OK", "context":{"environment":"Prod_SoutheastAsia_000j", "migrationStage":"NotStarted", "server":"GENERAL0100001J"}}
{"logTime": "0901/100649", "correlationVector":"MTc1qw3KEXgmInmnFniag7.2","action":"GetUpdates", "result":"DeleteReceived", "context":{"id":"0452b18c-8fe5-459e-8876-21f9474d56b3", "isDeleted:":"true", "version":"1688036058180"}}
{"logTime": "0901/100649", "correlationVector":"MTc1qw3KEXgmInmnFniag7.3","action":"GetUpdates", "result":"DeleteReceived", "context":{"id":"49b08e72-6b53-4585-9347-cedf312a902e", "isDeleted:":"true", "version":"1688036059037"}}
{"logTime": "0901/100649", "correlationVector":"MTc1qw3KEXgmInmnFniag7.4","action":"GetUpdates", "result":"DeleteReceived", "context":{"id":"9c42b3ed-bb33-4f15-a042-ec3b3f370119", "isDeleted:":"true", "version":"1688036062885"}}
{"logTime": "0901/100649", "correlationVector":"MTc1qw3KEXgmInmnFniag7.5","action":"GetUpdates", "result":"DeleteReceived", "context":{"id":"c9c95fb5-f6b0-4fbe-9ee3-34216a74cee0", "isDeleted:":"true", "version":"1688036063415"}}
{"logTime": "0901/100649", "correlationVector":"MTc1qw3KEXgmInmnFniag7.6","action":"GetUpdates", "result":"DeleteReceived", "context":{"id":"8304257e-0ff1-4859-80ae-bbb2a207b4ac", "isDeleted:":"true", "version":"1688036095443"}}
{"logTime": "0901/100649", "correlationVector":"MTc1qw3KEXgmInmnFniag7.7","action":"GetUpdates", "result":"DeleteReceived", "context":{"id":"79960d13-0ef4-4efe-83a3-3a6dab96b131", "isDeleted:":"true", "version":"1688969405734"}}
{"logTime": "0901/100649", "correlationVector":"MTc1qw3KEXgmInmnFniag7.8","action":"GetUpdates", "result":"DeleteReceived", "context":{"id":"dbe41250-0f1c-4ec2-88e7-8718c2eb88fa", "isDeleted:":"true", "version":"1688969406598"}}
{"logTime": "0901/100649", "correlationVector":"MTc1qw3KEXgmInmnFniag7.9","action":"GetUpdates", "result":"DeleteReceived", "context":{"id":"89e564ab-1dab-4dbf-a606-ac3b00bc7a8e", "isDeleted:":"true", "version":"1688969438805"}}
{"logTime": "0901/100649", "correlationVector":"MTc1qw3KEXgmInmnFniag7.10","action":"GetUpdates Response", "result":"SYNCER_OK", "context":Received 140 update(s). cV=MTc1qw3KEXgmInmnFniag7.0;server=GENERAL0100001J;cloudType=Consumer;environment=Prod_SoutheastAsia_000j;migrationStage=NotStarted}
{"logTime": "0901/100649", "correlationVector":"dSShySFN9uTHWyQkPjTXrt","action":"SyncServerConnectionManagerRequest", "result":"SYNC_SERVER_OK", "context":{"environment":"", "migrationStage":"", "server":""}}
{"logTime": "0901/100649", "correlationVector":"xeTAQnoKnU5YVzytHT8Bm3","action":"Normal GetUpdate request", "result":"", "context":cV=xeTAQnoKnU5YVzytHT8Bm3
Nudged types: Sessions, Device Info, User Consents
Refresh requested types: Bookmarks, Preferences, Passwords, Autofill Profiles, Autofill, Autofill Custom Data, Typed URLs, Extensions, Sessions, Extension settings, History Delete Directives, Device Info, User Consents, Send Tab To Self, Web Apps, Collection, Edge E Drop, Encryption Keys}
{"logTime": "0901/100649", "correlationVector":"xeTAQnoKnU5YVzytHT8Bm3.1","action":"SyncServerConnectionManagerRequest", "result":"SYNC_SERVER_OK", "context":{"environment":"Prod_SoutheastAsia_000j", "migrationStage":"NotStarted", "server":"GENERAL0100001B"}}
{"logTime": "0901/100649", "correlationVector":"xeTAQnoKnU5YVzytHT8Bm3.2","action":"GetUpdates", "result":"DeleteReceived", "context":{"id":"d06500f9-aee9-454c-82a8-12335015974a", "isDeleted:":"true", "version":"1693367656516"}}
{"logTime": "0901/100649", "correlationVector":"xeTAQnoKnU5YVzytHT8Bm3.3","action":"GetUpdates", "result":"DeleteReceived", "context":{"id":"83256707-3246-48fc-87c0-0aedd042e1b9", "isDeleted:":"true", "version":"1693367656517"}}
{"logTime": "0901/100649", "correlationVector":"xeTAQnoKnU5YVzytHT8Bm3.4","action":"GetUpdates", "result":"DeleteReceived", "context":{"id":"85ee865b-b9dd-4ba1-9ddd-8b411398bdbc", "isDeleted:":"true", "version":"1693367656518"}}
{"logTime": "0901/100649", "correlationVector":"xeTAQnoKnU5YVzytHT8Bm3.5","action":"GetUpdates", "result":"DeleteReceived", "context":{"id":"adedfead-d3c7-4685-98fc-a81be3e27da4", "isDeleted:":"true", "version":"1693367656523"}}
{"logTime": "0901/100649", "correlationVector":"xeTAQnoKnU5YVzytHT8Bm3.6","action":"GetUpdates", "result":"DeleteReceived", "context":{"id":"14e03dec-b2f8-468a-be7b-e2899ad590e2", "isDeleted:":"true", "version":"1693367656524"}}
{"logTime": "0901/100649", "correlationVector":"xeTAQnoKnU5YVzytHT8Bm3.7","action":"GetUpdates", "result":"DeleteReceived", "context":{"id":"db5dcf15-eec9-4e11-99c3-5fc2b568156b", "isDeleted:":"true", "version":"1693367656528"}}
{"logTime": "0901/100649", "correlationVector":"xeTAQnoKnU5YVzytHT8Bm3.8","action":"GetUpdates", "result":"DeleteReceived", "context":{"id":"0ec8a867-218f-4de7-ab6f-11ab8e379dd1", "isDeleted:":"true", "version":"1693367658231"}}
{"logTime": "0901/100649", "correlationVector":"xeTAQnoKnU5YVzytHT8Bm3.9","action":"GetUpdates", "result":"DeleteReceived", "context":{"id":"bacac430-136a-4899-a4ed-fb6b32a65b22", "isDeleted:":"true", "version":"1693367658232"}}
{"logTime": "0901/100649", "correlationVector":"xeTAQnoKnU5YVzytHT8Bm3.10","action":"GetUpdates", "result":"DeleteReceived", "context":{"id":"e9667081-133c-4d8f-b6b3-2f5264e69375", "isDeleted:":"true", "version":"1693367658233"}}
{"logTime": "0901/100649", "correlationVector":"xeTAQnoKnU5YVzytHT8Bm3.11","action":"GetUpdates", "result":"DeleteReceived", "context":{"id":"8a593704-f44c-4b0a-abaf-a09de8929d2e", "isDeleted:":"true", "version":"1693367658234"}}
{"logTime": "0901/100649", "correlationVector":"xeTAQnoKnU5YVzytHT8Bm3.12","action":"GetUpdates", "result":"DeleteReceived", "context":{"id":"d15f25b4-d4b8-4784-9a45-ee4e1a26e23e", "isDeleted:":"true", "version":"1693367658235"}}
{"logTime": "0901/100649", "correlationVector":"xeTAQnoKnU5YVzytHT8Bm3.13","action":"GetUpdates", "result":"DeleteReceived", "context":{"id":"d52461ef-bf4e-4811-9a3f-164aee135d0d", "isDeleted:":"true", "version":"1693367658236"}}
{"logTime": "0901/100649", "correlationVector":"xeTAQnoKnU5YVzytHT8Bm3.14","action":"GetUpdates", "result":"DeleteReceived", "context":{"id":"80b52f82-0803-4f2b-baab-80827a982e4d", "isDeleted:":"true", "version":"1693367658237"}}
{"logTime": "0901/100649", "correlationVector":"xeTAQnoKnU5YVzytHT8Bm3.15","action":"GetUpdates", "result":"DeleteReceived", "context":{"id":"7ce3af6d-b8dc-45a8-9238-a19b7e349ba9", "isDeleted:":"true", "version":"1693367658238"}}
{"logTime": "0901/100649", "correlationVector":"xeTAQnoKnU5YVzytHT8Bm3.16","action":"GetUpdates", "result":"DeleteReceived", "context":{"id":"c8585247-7852-49a4-930f-ea4fd3bc6330", "isDeleted:":"true", "version":"1693368614518"}}
{"logTime": "0901/100649", "correlationVector":"xeTAQnoKnU5YVzytHT8Bm3.17","action":"GetUpdates", "result":"DeleteReceived", "context":{"id":"af5f6144-d2ad-424f-b252-41f44e6c53f7", "isDeleted:":"true", "version":"1693368614519"}}
{"logTime": "0901/100649", "correlationVector":"xeTAQnoKnU5YVzytHT8Bm3.18","action":"GetUpdates", "result":"DeleteReceived", "context":{"id":"39023712-cff7-4a15-9401-b3e89a43aef9", "isDeleted:":"true", "version":"1693368614520"}}
{"logTime": "0901/100649", "correlationVector":"xeTAQnoKnU5YVzytHT8Bm3.19","action":"GetUpdates", "result":"DeleteReceived", "context":{"id":"bb302109-5d83-444f-98a5-3cacb54de78b", "isDeleted:":"true", "version":"1693368614521"}}
{"logTime": "0901/100649", "correlationVector":"xeTAQnoKnU5YVzytHT8Bm3.20","action":"GetUpdates", "result":"DeleteReceived", "context":{"id":"f925b850-2776-4167-ad2a-b91c36b3aaae", "isDeleted:":"true", "version":"1693368614522"}}
{"logTime": "0901/100649", "correlationVector":"xeTAQnoKnU5YVzytHT8Bm3.21","action":"GetUpdates", "result":"DeleteReceived", "context":{"id":"6723bc4f-66cc-4313-ab39-8a1ffc2709b5", "isDeleted:":"true", "version":"1693368614523"}}
{"logTime": "0901/100649", "correlationVector":"xeTAQnoKnU5YVzytHT8Bm3.22","action":"GetUpdates", "result":"DeleteReceived", "context":{"id":"4fa0ff93-e53d-404a-b179-5f9cf2803134", "isDeleted:":"true", "version":"1693368614524"}}
{"logTime": "0901/100649", "correlationVector":"xeTAQnoKnU5YVzytHT8Bm3.23","action":"GetUpdates", "result":"DeleteReceived", "context":{"id":"674ed426-4b00-4843-89b2-7bf63fe3c009", "isDeleted:":"true", "version":"1693368614525"}}
{"logTime": "0901/100649", "correlationVector":"xeTAQnoKnU5YVzytHT8Bm3.24","action":"GetUpdates", "result":"DeleteReceived", "context":{"id":"0046fe6d-ed0c-42e5-91f0-aa30be1e9c07", "isDeleted:":"true", "version":"1693368614526"}}
{"logTime": "0901/100649", "correlationVector":"xeTAQnoKnU5YVzytHT8Bm3.25","action":"GetUpdates", "result":"DeleteReceived", "context":{"id":"27fa4d6e-81ab-4b23-8e8f-7c36610697d4", "isDeleted:":"true", "version":"1693562694717"}}
{"logTime": "0901/100649", "correlationVector":"xeTAQnoKnU5YVzytHT8Bm3.26","action":"GetUpdates", "result":"DeleteReceived", "context":{"id":"bdd018d3-793e-44d7-9dcb-d565f945bc5c", "isDeleted:":"true", "version":"1693562694718"}}
{"logTime": "0901/100649", "correlationVector":"xeTAQnoKnU5YVzytHT8Bm3.27","action":"GetUpdates", "result":"DeleteReceived", "context":{"id":"c457a860-8938-462d-83bc-73ebbe1e9b0b", "isDeleted:":"true", "version":"1693562694720"}}
{"logTime": "0901/100649", "correlationVector":"xeTAQnoKnU5YVzytHT8Bm3.28","action":"GetUpdates", "result":"DeleteReceived", "context":{"id":"ee36d591-7f38-42f2-9973-cca633d2d812", "isDeleted:":"true", "version":"1693562694723"}}
{"logTime": "0901/100649", "correlationVector":"xeTAQnoKnU5YVzytHT8Bm3.29","action":"GetUpdates", "result":"DeleteReceived", "context":{"id":"426642e7-a580-4ef0-907f-2ef36b7e9109", "isDeleted:":"true", "version":"1693562694728"}}
{"logTime": "0901/100649", "correlationVector":"xeTAQnoKnU5YVzytHT8Bm3.30","action":"GetUpdates", "result":"DeleteReceived", "context":{"id":"2ca15bca-4f7a-4fe3-b376-59fd484b9f44", "isDeleted:":"true", "version":"1693562694729"}}
{"logTime": "0901/100649", "correlationVector":"xeTAQnoKnU5YVzytHT8Bm3.31","action":"GetUpdates", "result":"DeleteReceived", "context":{"id":"ea71c516-c3d4-4724-abaf-3a7c19e600ba", "isDeleted:":"true", "version":"1693562694730"}}
{"logTime": "0901/100649", "correlationVector":"xeTAQnoKnU5YVzytHT8Bm3.32","action":"GetUpdates", "result":"DeleteReceived", "context":{"id":"bfc5f534-971a-4223-8605-a00d791dc9db", "isDeleted:":"true", "version":"1693562695876"}}
{"logTime": "0901/100649", "correlationVector":"xeTAQnoKnU5YVzytHT8Bm3.33","action":"GetUpdates", "result":"DeleteReceived", "context":{"id":"bbb7e0d9-eaba-4235-9499-cb1bbe0cbaf6", "isDeleted:":"true", "version":"1693562695877"}}
{"logTime": "0901/100649", "correlationVector":"xeTAQnoKnU5YVzytHT8Bm3.34","action":"GetUpdates", "result":"DeleteReceived", "context":{"id":"906357ea-92ee-4f69-b333-1cd3b19a1e42", "isDeleted:":"true", "version":"1693562695878"}}
{"logTime": "0901/100649", "correlationVector":"xeTAQnoKnU5YVzytHT8Bm3.35","action":"GetUpdates", "result":"DeleteReceived", "context":{"id":"937a57b2-53fb-4e6b-b0da-22161f134c08", "isDeleted:":"true", "version":"1693367658239"}}
{"logTime": "0901/100649", "correlationVector":"xeTAQnoKnU5YVzytHT8Bm3.36","action":"GetUpdates Response", "result":"SYNCER_OK", "context":Received 64 update(s). cV=xeTAQnoKnU5YVzytHT8Bm3.0;server=GENERAL0100001B;cloudType=Consumer;environment=Prod_SoutheastAsia_000j;migrationStage=NotStarted}
{"logTime": "0901/100649", "correlationVector":"eqgde2jurc6kS/bDTJWSn4","action":"Commit Request", "result":"", "context":Item count: 1
Contributing types: Device Info}
{"logTime": "0901/100649", "correlationVector":"eqgde2jurc6kS/bDTJWSn4.1","action":"SyncServerConnectionManagerRequest", "result":"SYNC_SERVER_OK", "context":{"environment":"Prod_SoutheastAsia_000j", "migrationStage":"NotStarted", "server":"GENERAL01000016"}}
{"logTime": "0901/100649", "correlationVector":"eqgde2jurc6kS/bDTJWSn4.2","action":"Commit Response", "result":"SYNCER_OK", "context":Result: SYNCER_OK. cV=eqgde2jurc6kS/bDTJWSn4.0;server=GENERAL01000016;cloudType=Consumer;environment=Prod_SoutheastAsia_000j;migrationStage=NotStarted}
{"logTime": "0901/100649", "correlationVector":"tbVFB6Lk+Ako+Zknl68R9r","action":"Commit Request", "result":"", "context":Item count: 4
Contributing types: Sessions, User Consents}
{"logTime": "0901/100649", "correlationVector":"tbVFB6Lk+Ako+Zknl68R9r.1","action":"SyncServerConnectionManagerRequest", "result":"SYNC_SERVER_OK", "context":{"environment":"Prod_SoutheastAsia_000j", "migrationStage":"NotStarted", "server":"GENERAL0100000X"}}
{"logTime": "0901/100649", "correlationVector":"tbVFB6Lk+Ako+Zknl68R9r.3","action":"Commit.Sessions", "result":"Success", "context":{"id":"918ea272-2f78-48c2-951e-39c9a2b93dc3", "isDeleted":"true", "size":"0", "version":"1693048731042"}}
{"logTime": "0901/100649", "correlationVector":"tbVFB6Lk+Ako+Zknl68R9r.2","action":"Commit Response", "result":"SYNCER_OK", "context":Result: SYNCER_OK. cV=tbVFB6Lk+Ako+Zknl68R9r.0;server=GENERAL0100000X;cloudType=Consumer;environment=Prod_SoutheastAsia_000j;migrationStage=NotStarted}
{"logTime": "0901/100649", "correlationVector":"5ufvKbCdlW9ijG8cKnDpXy","action":"Poll GetUpdate request", "result":"", "context":cV=5ufvKbCdlW9ijG8cKnDpXy}
{"logTime": "0901/100649", "correlationVector":"5ufvKbCdlW9ijG8cKnDpXy.1","action":"SyncServerConnectionManagerRequest", "result":"SYNC_SERVER_OK", "context":{"environment":"Prod_SoutheastAsia_000j", "migrationStage":"NotStarted", "server":"GENERAL0100000O"}}
{"logTime": "0901/100649", "correlationVector":"5ufvKbCdlW9ijG8cKnDpXy.2","action":"GetUpdates", "result":"DeleteReceived", "context":{"id":"918ea272-2f78-48c2-951e-39c9a2b93dc3", "isDeleted:":"true", "version":"1693562801140"}}
{"logTime": "0901/100649", "correlationVector":"5ufvKbCdlW9ijG8cKnDpXy.3","action":"GetUpdates Response", "result":"SYNCER_OK", "context":Received 4 update(s). cV=5ufvKbCdlW9ijG8cKnDpXy.0;server=GENERAL0100000O;cloudType=Consumer;environment=Prod_SoutheastAsia_000j;migrationStage=NotStarted}
{"logTime": "0901/100649", "correlationVector":"heWnYbIbDelWdWkTf4yajQ","action":"Normal GetUpdate request", "result":"", "context":cV=heWnYbIbDelWdWkTf4yajQ
Nudged types: Sessions, Device Info
Refresh requested types: Bookmarks, Preferences, Passwords, Autofill Profiles, Autofill, Autofill Custom Data, Typed URLs, Extensions, Sessions, Extension settings, History Delete Directives, Device Info, User Consents, Send Tab To Self, Web Apps, Collection, Edge E Drop, Encryption Keys}
{"logTime": "0901/100649", "correlationVector":"heWnYbIbDelWdWkTf4yajQ.1","action":"SyncServerConnectionManagerRequest", "result":"SYNC_SERVER_OK", "context":{"environment":"Prod_SoutheastAsia_000j", "migrationStage":"NotStarted", "server":"GENERAL0100000A"}}
{"logTime": "0901/100649", "correlationVector":"heWnYbIbDelWdWkTf4yajQ.2","action":"GetUpdates Response", "result":"SYNCER_OK", "context":Received 0 update(s). cV=heWnYbIbDelWdWkTf4yajQ.0;server=GENERAL0100000A;cloudType=Consumer;environment=Prod_SoutheastAsia_000j;migrationStage=NotStarted}
{"logTime": "0901/100651", "correlationVector":"aikv2PYi3aRjTfUgL8KqVy","action":"Normal GetUpdate request", "result":"", "context":cV=aikv2PYi3aRjTfUgL8KqVy
Nudged types: Bookmarks, Sessions}
{"logTime": "0901/100651", "correlationVector":"aikv2PYi3aRjTfUgL8KqVy.1","action":"SyncServerConnectionManagerRequest", "result":"SYNC_SERVER_OK", "context":{"environment":"Prod_SoutheastAsia_000j", "migrationStage":"NotStarted", "server":"GENERAL0100000I"}}
{"logTime": "0901/100651", "correlationVector":"aikv2PYi3aRjTfUgL8KqVy.2","action":"GetUpdates Response", "result":"SYNCER_OK", "context":Received 0 update(s). cV=aikv2PYi3aRjTfUgL8KqVy.0;server=GENERAL0100000I;cloudType=Consumer;environment=Prod_SoutheastAsia_000j;migrationStage=NotStarted}
{"logTime": "0901/100651", "correlationVector":"i7wNXI02pBVELDs30Ha/6F","action":"Commit Request", "result":"", "context":Item count: 2
Contributing types: Bookmarks, Sessions}
{"logTime": "0901/100651", "correlationVector":"i7wNXI02pBVELDs30Ha/6F.1","action":"SyncServerConnectionManagerRequest", "result":"SYNC_SERVER_OK", "context":{"environment":"Prod_SoutheastAsia_000j", "migrationStage":"NotStarted", "server":"GENERAL01000009"}}
{"logTime": "0901/100651", "correlationVector":"i7wNXI02pBVELDs30Ha/6F.2","action":"Commit Response", "result":"SYNCER_OK", "context":Result: SYNCER_OK. cV=i7wNXI02pBVELDs30Ha/6F.0;server=GENERAL01000009;cloudType=Consumer;environment=Prod_SoutheastAsia_000j;migrationStage=NotStarted}
{"logTime": "0901/100652", "correlationVector":"2c9HpnBE/BFnpJ5D3KKFy2","action":"Normal GetUpdate request", "result":"", "context":cV=2c9HpnBE/BFnpJ5D3KKFy2
Nudged types: Sessions
Notified types: Preferences}
{"logTime": "0901/100652", "correlationVector":"2c9HpnBE/BFnpJ5D3KKFy2.1","action":"SyncServerConnectionManagerRequest", "result":"SYNC_SERVER_OK", "context":{"environment":"Prod_SoutheastAsia_000j", "migrationStage":"NotStarted", "server":"GENERAL0100000J"}}
{"logTime": "0901/100652", "correlationVector":"2c9HpnBE/BFnpJ5D3KKFy2.2","action":"GetUpdates Response", "result":"SYNCER_OK", "context":Received 2 update(s). cV=2c9HpnBE/BFnpJ5D3KKFy2.0;server=GENERAL0100000J;cloudType=Consumer;environment=Prod_SoutheastAsia_000j;migrationStage=NotStarted}
{"logTime": "0901/100735", "correlationVector":"R2oJ5ChXD8LbeS5ky8i3xk","action":"Commit Request", "result":"", "context":Item count: 1
Contributing types: Sessions}
{"logTime": "0901/100735", "correlationVector":"R2oJ5ChXD8LbeS5ky8i3xk.1","action":"SyncServerConnectionManagerRequest", "result":"SYNC_SERVER_OK", "context":{"environment":"Prod_SoutheastAsia_000j", "migrationStage":"NotStarted", "server":"GENERAL01000007"}}
{"logTime": "0901/100735", "correlationVector":"R2oJ5ChXD8LbeS5ky8i3xk.2","action":"Commit Response", "result":"SYNCER_OK", "context":Result: SYNCER_OK. cV=R2oJ5ChXD8LbeS5ky8i3xk.0;server=GENERAL01000007;cloudType=Consumer;environment=Prod_SoutheastAsia_000j;migrationStage=NotStarted}
{"logTime": "0901/101550", "correlationVector":"KN/yIQIjhPe8VycvNABFLA","action":"Commit Request", "result":"", "context":Item count: 1
Contributing types: Sessions}
{"logTime": "0901/101550", "correlationVector":"KN/yIQIjhPe8VycvNABFLA.1","action":"SyncServerConnectionManagerRequest", "result":"SYNC_SERVER_OK", "context":{"environment":"Prod_SoutheastAsia_000j", "migrationStage":"NotStarted", "server":"GENERAL0100000N"}}
{"logTime": "0901/101550", "correlationVector":"KN/yIQIjhPe8VycvNABFLA.2","action":"Commit Response", "result":"SYNCER_OK", "context":Result: SYNCER_OK. cV=KN/yIQIjhPe8VycvNABFLA.0;server=GENERAL0100000N;cloudType=Consumer;environment=Prod_SoutheastAsia_000j;migrationStage=NotStarted}
{"logTime": "0901/101636", "correlationVector":"VKKxwNUMiidMA29vWqG/OS","action":"Commit Request", "result":"", "context":Item count: 1
Contributing types: Sessions}
{"logTime": "0901/101636", "correlationVector":"VKKxwNUMiidMA29vWqG/OS.1","action":"SyncServerConnectionManagerRequest", "result":"SYNC_SERVER_OK", "context":{"environment":"Prod_SoutheastAsia_000j", "migrationStage":"NotStarted", "server":"GENERAL01000012"}}
{"logTime": "0901/101636", "correlationVector":"VKKxwNUMiidMA29vWqG/OS.2","action":"Commit Response", "result":"SYNCER_OK", "context":Result: SYNCER_OK. cV=VKKxwNUMiidMA29vWqG/OS.0;server=GENERAL01000012;cloudType=Consumer;environment=Prod_SoutheastAsia_000j;migrationStage=NotStarted}
{"logTime": "0901/102309", "correlationVector":"TqnZWanzTnJQH4To1Ze8AU","action":"Commit Request", "result":"", "context":Item count: 1
Contributing types: Sessions}
{"logTime": "0901/102310", "correlationVector":"TqnZWanzTnJQH4To1Ze8AU.1","action":"SyncServerConnectionManagerRequest", "result":"SYNC_SERVER_OK", "context":{"environment":"Prod_SoutheastAsia_000j", "migrationStage":"NotStarted", "server":"GENERAL01000015"}}
{"logTime": "0901/102310", "correlationVector":"TqnZWanzTnJQH4To1Ze8AU.2","action":"Commit Response", "result":"SYNCER_OK", "context":Result: SYNCER_OK. cV=TqnZWanzTnJQH4To1Ze8AU.0;server=GENERAL01000015;cloudType=Consumer;environment=Prod_SoutheastAsia_000j;migrationStage=NotStarted}
{"logTime": "0901/102343", "correlationVector":"rPy83jEVn85Wjy4z4N91fq","action":"Commit Request", "result":"", "context":Item count: 1
Contributing types: Sessions}
{"logTime": "0901/102343", "correlationVector":"rPy83jEVn85Wjy4z4N91fq.1","action":"SyncServerConnectionManagerRequest", "result":"SYNC_SERVER_OK", "context":{"environment":"Prod_SoutheastAsia_000j", "migrationStage":"NotStarted", "server":"GENERAL0100000R"}}
{"logTime": "0901/102343", "correlationVector":"rPy83jEVn85Wjy4z4N91fq.2","action":"Commit Response", "result":"SYNCER_OK", "context":Result: SYNCER_OK. cV=rPy83jEVn85Wjy4z4N91fq.0;server=GENERAL0100000R;cloudType=Consumer;environment=Prod_SoutheastAsia_000j;migrationStage=NotStarted}
{"logTime": "0901/102858", "correlationVector":"uMrLZXpBrJhFQWx3k9uZRN","action":"Commit Request", "result":"", "context":Item count: 1
Contributing types: Sessions}
{"logTime": "0901/102859", "correlationVector":"uMrLZXpBrJhFQWx3k9uZRN.1","action":"SyncServerConnectionManagerRequest", "result":"SYNC_SERVER_OK", "context":{"environment":"Prod_SoutheastAsia_000j", "migrationStage":"NotStarted", "server":"GENERAL0100001B"}}
{"logTime": "0901/102859", "correlationVector":"uMrLZXpBrJhFQWx3k9uZRN.2","action":"Commit Response", "result":"SYNCER_OK", "context":Result: SYNCER_OK. cV=uMrLZXpBrJhFQWx3k9uZRN.0;server=GENERAL0100001B;cloudType=Consumer;environment=Prod_SoutheastAsia_000j;migrationStage=NotStarted}
{"logTime": "0901/103021", "correlationVector":"vOKhQBbrh5EU1dgNjyapX9","action":"Commit Request", "result":"", "context":Item count: 1
Contributing types: Sessions}
{"logTime": "0901/103022", "correlationVector":"vOKhQBbrh5EU1dgNjyapX9.1","action":"SyncServerConnectionManagerRequest", "result":"SYNC_SERVER_OK", "context":{"environment":"Prod_SoutheastAsia_000j", "migrationStage":"NotStarted", "server":"GENERAL0100001E"}}
{"logTime": "0901/103022", "correlationVector":"vOKhQBbrh5EU1dgNjyapX9.2","action":"Commit Response", "result":"SYNCER_OK", "context":Result: SYNCER_OK. cV=vOKhQBbrh5EU1dgNjyapX9.0;server=GENERAL0100001E;cloudType=Consumer;environment=Prod_SoutheastAsia_000j;migrationStage=NotStarted}
